Training Coord_Linear_1_8_E_SML
Training Coord_Linear_1_8_E_SML
Training Coord_Linear_1_8_E_SML
Training Coord_Linear_1_8_E_SML
2020-06-26 16:14:19.752818 | Epoch 100 | Train Loss: 1.307707 | Test Loss: 1.310823 | Lr: 10e-6
2020-06-26 16:16:12.429410 | Epoch 200 | Train Loss: 1.307699 | Test Loss: 1.310819 | Lr: 10e-8
2020-06-26 16:18:09.281141 | Epoch 300 | Train Loss: 1.307699 | Test Loss: 1.310819 | Lr: 10e-8
Reach Low Learning Rate !

Training Coord_Linear_1_8_D_SML
2020-06-26 16:19:28.109045 | Epoch 100 | Train Loss: 1.199772 | Test Loss: 1.387483 | Lr: 10e-3
2020-06-26 16:20:47.346467 | Epoch 200 | Train Loss: 1.151316 | Test Loss: 1.405962 | Lr: 10e-3
2020-06-26 16:22:07.586533 | Epoch 300 | Train Loss: 1.140374 | Test Loss: 1.399285 | Lr: 10e-7
2020-06-26 16:23:26.342372 | Epoch 400 | Train Loss: 1.140371 | Test Loss: 1.399289 | Lr: 10e-8
Overfitting !

Training Coord_Linear_1_8_M_SML
2020-06-26 16:24:36.266231 | Epoch 100 | Train Loss: 1.068917 | Test Loss: 1.127495 | Lr: 10e-4
2020-06-26 16:25:46.168401 | Epoch 200 | Train Loss: 1.065794 | Test Loss: 1.125495 | Lr: 10e-8
2020-06-26 16:26:55.754994 | Epoch 300 | Train Loss: 1.065794 | Test Loss: 1.125495 | Lr: 10e-8
Reach Low Learning Rate !

Training Coord_Linear_2_8_E_SML
2020-06-26 16:28:49.115695 | Epoch 100 | Train Loss: 1.107936 | Test Loss: 1.217753 | Lr: 10e-3
2020-06-26 16:30:44.200843 | Epoch 200 | Train Loss: 1.079638 | Test Loss: 1.201634 | Lr: 10e-6
2020-06-26 16:32:38.925324 | Epoch 300 | Train Loss: 1.079615 | Test Loss: 1.201655 | Lr: 10e-8
2020-06-26 16:34:38.569430 | Epoch 400 | Train Loss: 1.079615 | Test Loss: 1.201658 | Lr: 10e-8
Reach Low Learning Rate !

Training Coord_Linear_2_8_D_SML
2020-06-26 16:36:07.250804 | Epoch 100 | Train Loss: 1.348747 | Test Loss: 1.487281 | Lr: 10e-3
2020-06-26 16:37:35.932973 | Epoch 200 | Train Loss: 1.092642 | Test Loss: 1.339766 | Lr: 10e-3
2020-06-26 16:39:02.839651 | Epoch 300 | Train Loss: 1.052811 | Test Loss: 1.335645 | Lr: 10e-4
2020-06-26 16:40:15.767525 | Epoch 400 | Train Loss: 1.048605 | Test Loss: 1.340580 | Lr: 10e-4
2020-06-26 16:41:24.885588 | Epoch 500 | Train Loss: 1.046239 | Test Loss: 1.338647 | Lr: 10e-8
2020-06-26 16:42:33.962763 | Epoch 600 | Train Loss: 1.046238 | Test Loss: 1.338650 | Lr: 10e-8
Reach Low Learning Rate !

Training Coord_Linear_2_8_M_SML
2020-06-26 16:43:35.862144 | Epoch 100 | Train Loss: 0.845951 | Test Loss: 0.917735 | Lr: 10e-3
2020-06-26 16:44:37.508201 | Epoch 200 | Train Loss: 0.819281 | Test Loss: 0.903683 | Lr: 10e-4
2020-06-26 16:45:37.752011 | Epoch 300 | Train Loss: 0.816485 | Test Loss: 0.904850 | Lr: 10e-8
2020-06-26 16:46:37.355534 | Epoch 400 | Train Loss: 0.816484 | Test Loss: 0.904855 | Lr: 10e-8
Reach Low Learning Rate !

Training Coord_Linear_3_8_E_SML
2020-06-26 16:48:13.204077 | Epoch 100 | Train Loss: 1.105444 | Test Loss: 1.238979 | Lr: 10e-3
2020-06-26 16:49:49.244109 | Epoch 200 | Train Loss: 1.027048 | Test Loss: 1.209790 | Lr: 10e-4
2020-06-26 16:51:26.168774 | Epoch 300 | Train Loss: 1.020171 | Test Loss: 1.210680 | Lr: 10e-8
2020-06-26 16:53:03.144303 | Epoch 400 | Train Loss: 1.020170 | Test Loss: 1.210677 | Lr: 10e-8
Reach Low Learning Rate !

Training Coord_Linear_3_8_D_SML
2020-06-26 16:54:14.569197 | Epoch 100 | Train Loss: 1.326581 | Test Loss: 1.576259 | Lr: 10e-3
2020-06-26 16:55:25.942230 | Epoch 200 | Train Loss: 1.226591 | Test Loss: 1.550086 | Lr: 10e-3
2020-06-26 16:56:37.473835 | Epoch 300 | Train Loss: 1.113869 | Test Loss: 1.518674 | Lr: 10e-4
2020-06-26 16:57:48.978515 | Epoch 400 | Train Loss: 1.103404 | Test Loss: 1.513473 | Lr: 10e-4
2020-06-26 16:59:00.499152 | Epoch 500 | Train Loss: 1.098620 | Test Loss: 1.510097 | Lr: 10e-4
2020-06-26 17:00:11.896121 | Epoch 600 | Train Loss: 1.096149 | Test Loss: 1.508296 | Lr: 10e-8
2020-06-26 17:01:23.306053 | Epoch 700 | Train Loss: 1.096148 | Test Loss: 1.508294 | Lr: 10e-8
Reach Low Learning Rate !

Training Coord_Linear_3_8_M_SML
2020-06-26 17:02:27.601023 | Epoch 100 | Train Loss: 0.882754 | Test Loss: 0.974241 | Lr: 10e-3
2020-06-26 17:03:31.977774 | Epoch 200 | Train Loss: 0.801977 | Test Loss: 0.915470 | Lr: 10e-3
2020-06-26 17:04:36.281726 | Epoch 300 | Train Loss: 0.780057 | Test Loss: 0.901180 | Lr: 10e-6
2020-06-26 17:05:40.572702 | Epoch 400 | Train Loss: 0.780035 | Test Loss: 0.901202 | Lr: 10e-8
2020-06-26 17:06:45.550844 | Epoch 500 | Train Loss: 0.780034 | Test Loss: 0.901201 | Lr: 10e-8
Reach Low Learning Rate !

Training Coord_Linear_4_8_E_SML
2020-06-26 17:08:25.382731 | Epoch 100 | Train Loss: 1.134581 | Test Loss: 1.190732 | Lr: 10e-3
2020-06-26 17:10:05.139817 | Epoch 200 | Train Loss: 1.094173 | Test Loss: 1.180619 | Lr: 10e-3
2020-06-26 17:11:45.466379 | Epoch 300 | Train Loss: 1.064595 | Test Loss: 1.197533 | Lr: 10e-4
2020-06-26 17:13:25.843806 | Epoch 400 | Train Loss: 1.060026 | Test Loss: 1.204596 | Lr: 10e-4
Overfitting !

Training Coord_Linear_4_8_D_SML
2020-06-26 17:14:41.031632 | Epoch 100 | Train Loss: 1.203422 | Test Loss: 1.430597 | Lr: 10e-3
2020-06-26 17:15:57.678080 | Epoch 200 | Train Loss: 1.096868 | Test Loss: 1.441942 | Lr: 10e-4
2020-06-26 17:17:12.867900 | Epoch 300 | Train Loss: 1.083363 | Test Loss: 1.439751 | Lr: 10e-4
2020-06-26 17:18:30.435999 | Epoch 400 | Train Loss: 1.076906 | Test Loss: 1.448839 | Lr: 10e-4
Overfitting !

Training Coord_Linear_4_8_M_SML
2020-06-26 17:19:39.244893 | Epoch 100 | Train Loss: 0.807991 | Test Loss: 0.837329 | Lr: 10e-3
2020-06-26 17:20:48.072732 | Epoch 200 | Train Loss: 0.751820 | Test Loss: 0.795039 | Lr: 10e-4
2020-06-26 17:21:56.904564 | Epoch 300 | Train Loss: 0.748755 | Test Loss: 0.791214 | Lr: 10e-8
2020-06-26 17:23:05.978747 | Epoch 400 | Train Loss: 0.748754 | Test Loss: 0.791207 | Lr: 10e-8
Reach Low Learning Rate !

Training Coord_Linear_5_8_E_SML
2020-06-26 17:24:53.328579 | Epoch 100 | Train Loss: 1.085855 | Test Loss: 1.241760 | Lr: 10e-4
2020-06-26 17:26:38.208957 | Epoch 200 | Train Loss: 1.081469 | Test Loss: 1.242184 | Lr: 10e-8
2020-06-26 17:28:23.215997 | Epoch 300 | Train Loss: 1.081468 | Test Loss: 1.242185 | Lr: 10e-8
Reach Low Learning Rate !

Training Coord_Linear_5_8_D_SML
2020-06-26 17:29:42.540754 | Epoch 100 | Train Loss: 1.174188 | Test Loss: 1.519477 | Lr: 10e-3
2020-06-26 17:31:02.043034 | Epoch 200 | Train Loss: 1.087429 | Test Loss: 1.541353 | Lr: 10e-4
2020-06-26 17:32:21.364799 | Epoch 300 | Train Loss: 1.075599 | Test Loss: 1.558554 | Lr: 10e-4
2020-06-26 17:33:40.731442 | Epoch 400 | Train Loss: 1.072342 | Test Loss: 1.559730 | Lr: 10e-8
Overfitting !

Training Coord_Linear_5_8_M_SML
2020-06-26 17:34:54.124071 | Epoch 100 | Train Loss: 0.795180 | Test Loss: 0.898122 | Lr: 10e-3
2020-06-26 17:36:07.403002 | Epoch 200 | Train Loss: 0.698405 | Test Loss: 0.773833 | Lr: 10e-3
2020-06-26 17:37:21.223486 | Epoch 300 | Train Loss: 0.671972 | Test Loss: 0.754628 | Lr: 10e-4
2020-06-26 17:38:34.673962 | Epoch 400 | Train Loss: 0.669405 | Test Loss: 0.754471 | Lr: 10e-8
2020-06-26 17:39:48.310936 | Epoch 500 | Train Loss: 0.669404 | Test Loss: 0.754469 | Lr: 10e-8
Reach Low Learning Rate !

Training Coord_Linear_1_24_E_SML
2020-06-26 17:41:21.463381 | Epoch 100 | Train Loss: 1.149239 | Test Loss: 1.309735 | Lr: 10e-3
2020-06-26 17:42:52.439962 | Epoch 200 | Train Loss: 1.123530 | Test Loss: 1.287741 | Lr: 10e-5
2020-06-26 17:44:25.816665 | Epoch 300 | Train Loss: 1.123299 | Test Loss: 1.287761 | Lr: 10e-8
2020-06-26 17:45:56.734405 | Epoch 400 | Train Loss: 1.123299 | Test Loss: 1.287758 | Lr: 10e-8
Reach Low Learning Rate !

Training Coord_Linear_1_24_D_SML
2020-06-26 17:47:03.140723 | Epoch 100 | Train Loss: 0.972573 | Test Loss: 1.269221 | Lr: 10e-3
2020-06-26 17:48:09.198976 | Epoch 200 | Train Loss: 0.898553 | Test Loss: 1.302436 | Lr: 10e-4
2020-06-26 17:49:15.473649 | Epoch 300 | Train Loss: 0.893986 | Test Loss: 1.310827 | Lr: 10e-8
2020-06-26 17:50:21.633628 | Epoch 400 | Train Loss: 0.893985 | Test Loss: 1.310826 | Lr: 10e-8
Overfitting !

Training Coord_Linear_1_24_M_SML
2020-06-26 17:51:19.916685 | Epoch 100 | Train Loss: 0.836875 | Test Loss: 0.891984 | Lr: 10e-3
2020-06-26 17:52:18.525868 | Epoch 200 | Train Loss: 0.811599 | Test Loss: 0.863978 | Lr: 10e-7
2020-06-26 17:53:17.422283 | Epoch 300 | Train Loss: 0.811597 | Test Loss: 0.863977 | Lr: 10e-8
2020-06-26 17:54:18.930173 | Epoch 400 | Train Loss: 0.811597 | Test Loss: 0.863976 | Lr: 10e-8
Reach Low Learning Rate !

Training Coord_Linear_2_24_E_SML
2020-06-26 17:56:19.346960 | Epoch 100 | Train Loss: 1.029931 | Test Loss: 1.246822 | Lr: 10e-3
2020-06-26 17:58:19.654747 | Epoch 200 | Train Loss: 0.962101 | Test Loss: 1.233526 | Lr: 10e-4
2020-06-26 18:00:19.785027 | Epoch 300 | Train Loss: 0.953281 | Test Loss: 1.234737 | Lr: 10e-7
2020-06-26 18:02:24.750313 | Epoch 400 | Train Loss: 0.953276 | Test Loss: 1.234736 | Lr: 10e-8
2020-06-26 18:04:24.240496 | Epoch 500 | Train Loss: 0.953275 | Test Loss: 1.234736 | Lr: 10e-8
Reach Low Learning Rate !

Training Coord_Linear_2_24_D_SML
2020-06-26 18:05:51.167723 | Epoch 100 | Train Loss: 0.869876 | Test Loss: 1.343831 | Lr: 10e-3
2020-06-26 18:07:18.496029 | Epoch 200 | Train Loss: 0.808773 | Test Loss: 1.289763 | Lr: 10e-3
2020-06-26 18:08:43.467995 | Epoch 300 | Train Loss: 0.788971 | Test Loss: 1.314468 | Lr: 10e-3
2020-06-26 18:10:11.972780 | Epoch 400 | Train Loss: 0.756649 | Test Loss: 1.308538 | Lr: 10e-4
2020-06-26 18:11:34.807356 | Epoch 500 | Train Loss: 0.753008 | Test Loss: 1.311915 | Lr: 10e-8
2020-06-26 18:12:58.043780 | Epoch 600 | Train Loss: 0.753007 | Test Loss: 1.311915 | Lr: 10e-8
Reach Low Learning Rate !

Training Coord_Linear_2_24_M_SML
2020-06-26 18:14:18.049263 | Epoch 100 | Train Loss: 0.704911 | Test Loss: 0.768023 | Lr: 10e-3
2020-06-26 18:15:37.506414 | Epoch 200 | Train Loss: 0.538728 | Test Loss: 0.560283 | Lr: 10e-3
2020-06-26 18:16:56.226177 | Epoch 300 | Train Loss: 0.481100 | Test Loss: 0.492693 | Lr: 10e-3
2020-06-26 18:18:16.239104 | Epoch 400 | Train Loss: 0.464020 | Test Loss: 0.477410 | Lr: 10e-3
2020-06-26 18:19:40.448466 | Epoch 500 | Train Loss: 0.452864 | Test Loss: 0.475321 | Lr: 10e-4
2020-06-26 18:21:00.580894 | Epoch 600 | Train Loss: 0.451759 | Test Loss: 0.475636 | Lr: 10e-8
2020-06-26 18:22:29.357678 | Epoch 700 | Train Loss: 0.451759 | Test Loss: 0.475636 | Lr: 10e-8
Reach Low Learning Rate !

Training Coord_Linear_3_24_E_SML
2020-06-26 18:24:39.531427 | Epoch 100 | Train Loss: 0.908867 | Test Loss: 1.167915 | Lr: 10e-3
2020-06-26 18:26:50.316227 | Epoch 200 | Train Loss: 0.820421 | Test Loss: 1.150633 | Lr: 10e-3
2020-06-26 18:29:01.699935 | Epoch 300 | Train Loss: 0.763350 | Test Loss: 1.186066 | Lr: 10e-4
2020-06-26 18:31:12.778756 | Epoch 400 | Train Loss: 0.756738 | Test Loss: 1.194467 | Lr: 10e-4
Overfitting !

Training Coord_Linear_3_24_D_SML
2020-06-26 18:32:45.874516 | Epoch 100 | Train Loss: 0.826145 | Test Loss: 1.333189 | Lr: 10e-3
2020-06-26 18:34:20.127384 | Epoch 200 | Train Loss: 0.752782 | Test Loss: 1.269503 | Lr: 10e-3
2020-06-26 18:35:54.265242 | Epoch 300 | Train Loss: 0.714487 | Test Loss: 1.250804 | Lr: 10e-4
2020-06-26 18:37:28.191982 | Epoch 400 | Train Loss: 0.710800 | Test Loss: 1.240935 | Lr: 10e-4
2020-06-26 18:38:43.243533 | Epoch 500 | Train Loss: 0.707855 | Test Loss: 1.241138 | Lr: 10e-8
2020-06-26 18:40:09.762455 | Epoch 600 | Train Loss: 0.707854 | Test Loss: 1.241142 | Lr: 10e-8
Reach Low Learning Rate !

Training Coord_Linear_3_24_M_SML
2020-06-26 18:41:39.575283 | Epoch 100 | Train Loss: 0.630604 | Test Loss: 0.748450 | Lr: 10e-3
2020-06-26 18:43:12.429122 | Epoch 200 | Train Loss: 0.563671 | Test Loss: 0.688438 | Lr: 10e-4
2020-06-26 18:44:43.308434 | Epoch 300 | Train Loss: 0.556127 | Test Loss: 0.688866 | Lr: 10e-6
2020-06-26 18:46:14.969438 | Epoch 400 | Train Loss: 0.556088 | Test Loss: 0.688855 | Lr: 10e-8
2020-06-26 18:47:37.883783 | Epoch 500 | Train Loss: 0.556087 | Test Loss: 0.688854 | Lr: 10e-8
Reach Low Learning Rate !

Training Coord_Linear_4_24_E_SML
2020-06-26 18:49:48.004689 | Epoch 100 | Train Loss: 0.934730 | Test Loss: 1.128225 | Lr: 10e-3
2020-06-26 18:51:56.906670 | Epoch 200 | Train Loss: 0.845995 | Test Loss: 1.130173 | Lr: 10e-3
2020-06-26 18:54:07.624461 | Epoch 300 | Train Loss: 0.791102 | Test Loss: 1.109563 | Lr: 10e-3
2020-06-26 18:56:24.902728 | Epoch 400 | Train Loss: 0.731256 | Test Loss: 1.098675 | Lr: 10e-4
2020-06-26 18:58:40.829433 | Epoch 500 | Train Loss: 0.725694 | Test Loss: 1.107087 | Lr: 10e-4
2020-06-26 19:00:32.704709 | Epoch 600 | Train Loss: 0.720520 | Test Loss: 1.102981 | Lr: 10e-4
2020-06-26 19:02:54.186203 | Epoch 700 | Train Loss: 0.715313 | Test Loss: 1.108165 | Lr: 10e-8
2020-06-26 19:05:20.147841 | Epoch 800 | Train Loss: 0.715312 | Test Loss: 1.108165 | Lr: 10e-8
Reach Low Learning Rate !

Training Coord_Linear_4_24_D_SML
2020-06-26 19:07:05.971815 | Epoch 100 | Train Loss: 0.860545 | Test Loss: 1.397113 | Lr: 10e-3
2020-06-26 19:08:41.929534 | Epoch 200 | Train Loss: 0.748751 | Test Loss: 1.334788 | Lr: 10e-3
2020-06-26 19:10:16.556199 | Epoch 300 | Train Loss: 0.698335 | Test Loss: 1.316870 | Lr: 10e-4
2020-06-26 19:11:51.836228 | Epoch 400 | Train Loss: 0.692651 | Test Loss: 1.312479 | Lr: 10e-4
2020-06-26 19:13:40.585981 | Epoch 500 | Train Loss: 0.688479 | Test Loss: 1.310610 | Lr: 10e-8
2020-06-26 19:15:24.808762 | Epoch 600 | Train Loss: 0.688478 | Test Loss: 1.310614 | Lr: 10e-8
Reach Low Learning Rate !

Training Coord_Linear_4_24_M_SML
2020-06-26 19:17:15.698931 | Epoch 100 | Train Loss: 0.585480 | Test Loss: 0.662354 | Lr: 10e-3
2020-06-26 19:19:31.498338 | Epoch 200 | Train Loss: 0.479366 | Test Loss: 0.523097 | Lr: 10e-3
2020-06-26 19:21:29.346913 | Epoch 300 | Train Loss: 0.427677 | Test Loss: 0.458667 | Lr: 10e-3
2020-06-26 19:23:13.186556 | Epoch 400 | Train Loss: 0.416107 | Test Loss: 0.447409 | Lr: 10e-3
2020-06-26 19:24:55.642041 | Epoch 500 | Train Loss: 0.405753 | Test Loss: 0.447549 | Lr: 10e-5
2020-06-26 19:26:40.593977 | Epoch 600 | Train Loss: 0.405637 | Test Loss: 0.447620 | Lr: 10e-8
2020-06-26 19:28:22.932543 | Epoch 700 | Train Loss: 0.405637 | Test Loss: 0.447620 | Lr: 10e-8
Reach Low Learning Rate !

Training Coord_Linear_5_24_E_SML
2020-06-26 19:30:48.030043 | Epoch 100 | Train Loss: 0.897187 | Test Loss: 1.152633 | Lr: 10e-3
2020-06-26 19:32:43.277682 | Epoch 200 | Train Loss: 0.776076 | Test Loss: 1.139346 | Lr: 10e-3
2020-06-26 19:34:38.740746 | Epoch 300 | Train Loss: 0.715684 | Test Loss: 1.137245 | Lr: 10e-3
2020-06-26 19:36:34.042241 | Epoch 400 | Train Loss: 0.648349 | Test Loss: 1.116059 | Lr: 10e-4
2020-06-26 19:38:29.502314 | Epoch 500 | Train Loss: 0.640845 | Test Loss: 1.111167 | Lr: 10e-4
2020-06-26 19:40:25.734332 | Epoch 600 | Train Loss: 0.634486 | Test Loss: 1.114841 | Lr: 10e-4
2020-06-26 19:42:21.756883 | Epoch 700 | Train Loss: 0.629048 | Test Loss: 1.121883 | Lr: 10e-4
2020-06-26 19:44:17.562032 | Epoch 800 | Train Loss: 0.623809 | Test Loss: 1.118390 | Lr: 10e-7
2020-06-26 19:46:12.607213 | Epoch 900 | Train Loss: 0.623804 | Test Loss: 1.118399 | Lr: 10e-8
2020-06-26 19:48:07.421013 | Epoch 1000 | Train Loss: 0.623802 | Test Loss: 1.118403 | Lr: 10e-8
Reach Low Learning Rate !

Training Coord_Linear_5_24_D_SML
2020-06-26 19:49:30.368078 | Epoch 100 | Train Loss: 0.955441 | Test Loss: 1.310561 | Lr: 10e-3
2020-06-26 19:50:53.627306 | Epoch 200 | Train Loss: 0.835406 | Test Loss: 1.327931 | Lr: 10e-3
2020-06-26 19:52:16.022845 | Epoch 300 | Train Loss: 0.746730 | Test Loss: 1.367514 | Lr: 10e-4
2020-06-26 19:53:37.521785 | Epoch 400 | Train Loss: 0.734573 | Test Loss: 1.371975 | Lr: 10e-4
Overfitting !

Training Coord_Linear_5_24_M_SML
2020-06-26 19:55:02.870421 | Epoch 100 | Train Loss: 0.616284 | Test Loss: 0.734567 | Lr: 10e-3
2020-06-26 19:56:28.478368 | Epoch 200 | Train Loss: 0.522366 | Test Loss: 0.620758 | Lr: 10e-4
2020-06-26 19:57:54.096286 | Epoch 300 | Train Loss: 0.505252 | Test Loss: 0.606840 | Lr: 10e-4
2020-06-26 19:59:19.084886 | Epoch 400 | Train Loss: 0.495807 | Test Loss: 0.595540 | Lr: 10e-4
2020-06-26 20:00:44.031599 | Epoch 500 | Train Loss: 0.489154 | Test Loss: 0.589600 | Lr: 10e-4
2020-06-26 20:02:09.011226 | Epoch 600 | Train Loss: 0.481845 | Test Loss: 0.578923 | Lr: 10e-4
2020-06-26 20:03:33.652756 | Epoch 700 | Train Loss: 0.475864 | Test Loss: 0.576364 | Lr: 10e-4
2020-06-26 20:04:57.856458 | Epoch 800 | Train Loss: 0.470932 | Test Loss: 0.570513 | Lr: 10e-4
2020-06-26 20:06:22.066143 | Epoch 900 | Train Loss: 0.467654 | Test Loss: 0.567054 | Lr: 10e-4
2020-06-26 20:07:47.761852 | Epoch 1000 | Train Loss: 0.463892 | Test Loss: 0.568323 | Lr: 10e-4
Training Coord_Linear_1_40_E_SML
2020-06-26 20:09:15.344522 | Epoch 100 | Train Loss: 1.078195 | Test Loss: 1.175303 | Lr: 10e-3
2020-06-26 20:10:43.055830 | Epoch 200 | Train Loss: 1.018246 | Test Loss: 1.195378 | Lr: 10e-4
2020-06-26 20:12:10.869872 | Epoch 300 | Train Loss: 1.014349 | Test Loss: 1.197697 | Lr: 10e-8
2020-06-26 20:13:49.100478 | Epoch 400 | Train Loss: 1.014348 | Test Loss: 1.197702 | Lr: 10e-8
Overfitting !

Training Coord_Linear_1_40_D_SML
2020-06-26 20:15:04.428926 | Epoch 100 | Train Loss: 0.952642 | Test Loss: 1.404261 | Lr: 10e-3
2020-06-26 20:16:18.722417 | Epoch 200 | Train Loss: 0.894498 | Test Loss: 1.409582 | Lr: 10e-3
2020-06-26 20:17:29.750371 | Epoch 300 | Train Loss: 0.857202 | Test Loss: 1.356115 | Lr: 10e-3
2020-06-26 20:18:49.852294 | Epoch 400 | Train Loss: 0.823069 | Test Loss: 1.349037 | Lr: 10e-4
2020-06-26 20:20:19.577325 | Epoch 500 | Train Loss: 0.819185 | Test Loss: 1.353647 | Lr: 10e-8
2020-06-26 20:21:46.324197 | Epoch 600 | Train Loss: 0.819184 | Test Loss: 1.353644 | Lr: 10e-8
Reach Low Learning Rate !

Training Coord_Linear_1_40_M_SML
2020-06-26 20:22:58.785067 | Epoch 100 | Train Loss: 0.822722 | Test Loss: 0.895118 | Lr: 10e-3
2020-06-26 20:24:11.434947 | Epoch 200 | Train Loss: 0.785426 | Test Loss: 0.866733 | Lr: 10e-4
2020-06-26 20:25:24.021841 | Epoch 300 | Train Loss: 0.782737 | Test Loss: 0.866988 | Lr: 10e-8
2020-06-26 20:26:36.361673 | Epoch 400 | Train Loss: 0.782736 | Test Loss: 0.866985 | Lr: 10e-8
Reach Low Learning Rate !

Training Coord_Linear_2_40_E_SML
2020-06-26 20:28:45.262426 | Epoch 100 | Train Loss: 0.918683 | Test Loss: 1.162891 | Lr: 10e-3
2020-06-26 20:30:48.044201 | Epoch 200 | Train Loss: 0.792832 | Test Loss: 1.160130 | Lr: 10e-4
2020-06-26 20:32:52.777968 | Epoch 300 | Train Loss: 0.776170 | Test Loss: 1.155948 | Lr: 10e-4
2020-06-26 20:34:54.046761 | Epoch 400 | Train Loss: 0.763899 | Test Loss: 1.154644 | Lr: 10e-5
2020-06-26 20:37:05.180328 | Epoch 500 | Train Loss: 0.763282 | Test Loss: 1.154607 | Lr: 10e-8
2020-06-26 20:39:16.561771 | Epoch 600 | Train Loss: 0.763281 | Test Loss: 1.154607 | Lr: 10e-8
Reach Low Learning Rate !

Training Coord_Linear_2_40_D_SML
2020-06-26 20:40:48.863615 | Epoch 100 | Train Loss: 0.738042 | Test Loss: 1.304678 | Lr: 10e-3
2020-06-26 20:42:36.519960 | Epoch 200 | Train Loss: 0.653949 | Test Loss: 1.320470 | Lr: 10e-4
2020-06-26 20:44:21.029675 | Epoch 300 | Train Loss: 0.645920 | Test Loss: 1.328702 | Lr: 10e-4
2020-06-26 20:45:56.102067 | Epoch 400 | Train Loss: 0.641656 | Test Loss: 1.336059 | Lr: 10e-4
Overfitting !

Training Coord_Linear_2_40_M_SML
2020-06-26 20:47:23.034535 | Epoch 100 | Train Loss: 0.609564 | Test Loss: 0.710889 | Lr: 10e-3
2020-06-26 20:48:46.188260 | Epoch 200 | Train Loss: 0.539394 | Test Loss: 0.620115 | Lr: 10e-3
2020-06-26 20:50:09.503098 | Epoch 300 | Train Loss: 0.486732 | Test Loss: 0.522625 | Lr: 10e-3
2020-06-26 20:51:32.698946 | Epoch 400 | Train Loss: 0.447149 | Test Loss: 0.489336 | Lr: 10e-3
2020-06-26 20:52:55.941299 | Epoch 500 | Train Loss: 0.430925 | Test Loss: 0.479327 | Lr: 10e-5
2020-06-26 20:54:22.259633 | Epoch 600 | Train Loss: 0.430534 | Test Loss: 0.479593 | Lr: 10e-8
2020-06-26 20:55:47.151500 | Epoch 700 | Train Loss: 0.430534 | Test Loss: 0.479594 | Lr: 10e-8
Reach Low Learning Rate !

Training Coord_Linear_3_40_E_SML
2020-06-26 20:58:01.535158 | Epoch 100 | Train Loss: 0.812687 | Test Loss: 1.162365 | Lr: 10e-3
2020-06-26 21:00:23.290093 | Epoch 200 | Train Loss: 0.701847 | Test Loss: 1.138551 | Lr: 10e-3
2020-06-26 21:02:48.191844 | Epoch 300 | Train Loss: 0.633082 | Test Loss: 1.155542 | Lr: 10e-4
2020-06-26 21:05:21.948772 | Epoch 400 | Train Loss: 0.624256 | Test Loss: 1.156386 | Lr: 10e-4
2020-06-26 21:07:30.443491 | Epoch 500 | Train Loss: 0.617421 | Test Loss: 1.157156 | Lr: 10e-4
Overfitting !

Training Coord_Linear_3_40_D_SML
2020-06-26 21:08:57.262343 | Epoch 100 | Train Loss: 0.717744 | Test Loss: 1.254016 | Lr: 10e-3
2020-06-26 21:10:26.417607 | Epoch 200 | Train Loss: 0.641467 | Test Loss: 1.226418 | Lr: 10e-3
2020-06-26 21:12:00.274920 | Epoch 300 | Train Loss: 0.590322 | Test Loss: 1.284393 | Lr: 10e-4
2020-06-26 21:13:29.943730 | Epoch 400 | Train Loss: 0.585236 | Test Loss: 1.305524 | Lr: 10e-4
Overfitting !

Training Coord_Linear_3_40_M_SML
2020-06-26 21:15:04.784767 | Epoch 100 | Train Loss: 0.563952 | Test Loss: 0.635444 | Lr: 10e-3
2020-06-26 21:17:10.334169 | Epoch 200 | Train Loss: 0.458652 | Test Loss: 0.510235 | Lr: 10e-3
2020-06-26 21:19:24.225964 | Epoch 300 | Train Loss: 0.421169 | Test Loss: 0.483213 | Lr: 10e-4
2020-06-26 21:21:04.385581 | Epoch 400 | Train Loss: 0.417744 | Test Loss: 0.483124 | Lr: 10e-4
2020-06-26 21:22:39.566569 | Epoch 500 | Train Loss: 0.415576 | Test Loss: 0.483295 | Lr: 10e-4
2020-06-26 21:24:14.052058 | Epoch 600 | Train Loss: 0.413866 | Test Loss: 0.483282 | Lr: 10e-8
2020-06-26 21:25:50.663614 | Epoch 700 | Train Loss: 0.413865 | Test Loss: 0.483284 | Lr: 10e-8
Reach Low Learning Rate !

Training Coord_Linear_4_40_E_SML
2020-06-26 21:28:02.142732 | Epoch 100 | Train Loss: 0.750899 | Test Loss: 1.052394 | Lr: 10e-3
2020-06-26 21:30:32.152704 | Epoch 200 | Train Loss: 0.633583 | Test Loss: 1.091999 | Lr: 10e-3
2020-06-26 21:32:52.863412 | Epoch 300 | Train Loss: 0.589553 | Test Loss: 1.127188 | Lr: 10e-3
2020-06-26 21:35:12.995261 | Epoch 400 | Train Loss: 0.532425 | Test Loss: 1.142038 | Lr: 10e-4
Overfitting !

Training Coord_Linear_4_40_D_SML
2020-06-26 21:36:50.467981 | Epoch 100 | Train Loss: 0.706744 | Test Loss: 1.265286 | Lr: 10e-3
2020-06-26 21:38:28.056901 | Epoch 200 | Train Loss: 0.602311 | Test Loss: 1.276416 | Lr: 10e-4
2020-06-26 21:40:09.516618 | Epoch 300 | Train Loss: 0.589531 | Test Loss: 1.294768 | Lr: 10e-4
2020-06-26 21:41:47.984437 | Epoch 400 | Train Loss: 0.581083 | Test Loss: 1.296079 | Lr: 10e-4
Overfitting !

Training Coord_Linear_4_40_M_SML
2020-06-26 21:43:36.074796 | Epoch 100 | Train Loss: 0.466522 | Test Loss: 0.549898 | Lr: 10e-3
2020-06-26 21:45:14.465540 | Epoch 200 | Train Loss: 0.403873 | Test Loss: 0.458245 | Lr: 10e-3
2020-06-26 21:46:47.777871 | Epoch 300 | Train Loss: 0.394159 | Test Loss: 0.456743 | Lr: 10e-3
2020-06-26 21:48:24.916963 | Epoch 400 | Train Loss: 0.378991 | Test Loss: 0.456251 | Lr: 10e-4
2020-06-26 21:49:52.598359 | Epoch 500 | Train Loss: 0.377226 | Test Loss: 0.456923 | Lr: 10e-6
2020-06-26 21:51:42.039746 | Epoch 600 | Train Loss: 0.377211 | Test Loss: 0.456932 | Lr: 10e-8
2020-06-26 21:53:31.597524 | Epoch 700 | Train Loss: 0.377211 | Test Loss: 0.456934 | Lr: 10e-8
Reach Low Learning Rate !

Training Coord_Linear_5_40_E_SML
2020-06-26 21:56:06.080202 | Epoch 100 | Train Loss: 0.735361 | Test Loss: 1.133978 | Lr: 10e-3
2020-06-26 21:58:49.851819 | Epoch 200 | Train Loss: 0.621810 | Test Loss: 1.126052 | Lr: 10e-3
2020-06-26 22:01:35.159540 | Epoch 300 | Train Loss: 0.587611 | Test Loss: 1.128741 | Lr: 10e-3
2020-06-26 22:04:41.151848 | Epoch 400 | Train Loss: 0.519384 | Test Loss: 1.122296 | Lr: 10e-4
2020-06-26 22:07:23.953027 | Epoch 500 | Train Loss: 0.510100 | Test Loss: 1.134963 | Lr: 10e-4
2020-06-26 22:09:58.281794 | Epoch 600 | Train Loss: 0.503384 | Test Loss: 1.145047 | Lr: 10e-4
Overfitting !

Training Coord_Linear_5_40_D_SML
2020-06-26 22:11:48.272496 | Epoch 100 | Train Loss: 0.728336 | Test Loss: 1.342253 | Lr: 10e-3
2020-06-26 22:13:35.714256 | Epoch 200 | Train Loss: 0.620213 | Test Loss: 1.378088 | Lr: 10e-3
2020-06-26 22:15:20.726052 | Epoch 300 | Train Loss: 0.564164 | Test Loss: 1.425389 | Lr: 10e-4
2020-06-26 22:17:04.393968 | Epoch 400 | Train Loss: 0.554964 | Test Loss: 1.437881 | Lr: 10e-4
Overfitting !

Training Coord_Linear_5_40_M_SML
2020-06-26 22:18:56.746781 | Epoch 100 | Train Loss: 0.476315 | Test Loss: 0.565506 | Lr: 10e-3
2020-06-26 22:20:51.425577 | Epoch 200 | Train Loss: 0.403738 | Test Loss: 0.448378 | Lr: 10e-3
2020-06-26 22:22:45.527410 | Epoch 300 | Train Loss: 0.388825 | Test Loss: 0.451236 | Lr: 10e-3
2020-06-26 22:24:39.476038 | Epoch 400 | Train Loss: 0.376928 | Test Loss: 0.454996 | Lr: 10e-4
2020-06-26 22:26:31.535357 | Epoch 500 | Train Loss: 0.375311 | Test Loss: 0.455470 | Lr: 10e-8
2020-06-26 22:28:29.736624 | Epoch 600 | Train Loss: 0.375311 | Test Loss: 0.455469 | Lr: 10e-8
Reach Low Learning Rate !

Training Coord_Linear_1_56_E_SML
2020-06-26 22:30:15.393568 | Epoch 100 | Train Loss: 1.061936 | Test Loss: 1.228192 | Lr: 10e-3
2020-06-26 22:32:01.615382 | Epoch 200 | Train Loss: 1.018614 | Test Loss: 1.218422 | Lr: 10e-4
2020-06-26 22:33:47.456048 | Epoch 300 | Train Loss: 1.014904 | Test Loss: 1.216852 | Lr: 10e-8
2020-06-26 22:35:33.326304 | Epoch 400 | Train Loss: 1.014903 | Test Loss: 1.216855 | Lr: 10e-8
Reach Low Learning Rate !

Training Coord_Linear_1_56_D_SML
2020-06-26 22:36:52.670706 | Epoch 100 | Train Loss: 0.861364 | Test Loss: 1.261026 | Lr: 10e-3
2020-06-26 22:38:10.302640 | Epoch 200 | Train Loss: 0.776417 | Test Loss: 1.230756 | Lr: 10e-3
2020-06-26 22:39:30.186604 | Epoch 300 | Train Loss: 0.728462 | Test Loss: 1.201972 | Lr: 10e-3
2020-06-26 22:40:47.835377 | Epoch 400 | Train Loss: 0.704993 | Test Loss: 1.231708 | Lr: 10e-4
2020-06-26 22:42:06.909252 | Epoch 500 | Train Loss: 0.702390 | Test Loss: 1.232403 | Lr: 10e-8
2020-06-26 22:43:26.940089 | Epoch 600 | Train Loss: 0.702390 | Test Loss: 1.232399 | Lr: 10e-8
Reach Low Learning Rate !

Training Coord_Linear_1_56_M_SML
2020-06-26 22:44:39.021099 | Epoch 100 | Train Loss: 0.807932 | Test Loss: 0.940760 | Lr: 10e-3
2020-06-26 22:45:53.779066 | Epoch 200 | Train Loss: 0.761542 | Test Loss: 0.909364 | Lr: 10e-4
2020-06-26 22:47:06.034589 | Epoch 300 | Train Loss: 0.758585 | Test Loss: 0.910192 | Lr: 10e-8
2020-06-26 22:48:19.390654 | Epoch 400 | Train Loss: 0.758584 | Test Loss: 0.910190 | Lr: 10e-8
Reach Low Learning Rate !

Training Coord_Linear_2_56_E_SML
2020-06-26 22:50:24.000979 | Epoch 100 | Train Loss: 0.815366 | Test Loss: 1.135852 | Lr: 10e-3
2020-06-26 22:52:25.337127 | Epoch 200 | Train Loss: 0.714839 | Test Loss: 1.165497 | Lr: 10e-3
2020-06-26 22:54:29.995753 | Epoch 300 | Train Loss: 0.638323 | Test Loss: 1.153848 | Lr: 10e-4
2020-06-26 22:56:29.949561 | Epoch 400 | Train Loss: 0.632077 | Test Loss: 1.157968 | Lr: 10e-4
Overfitting !

Training Coord_Linear_2_56_D_SML
2020-06-26 22:58:05.361067 | Epoch 100 | Train Loss: 0.693921 | Test Loss: 1.323393 | Lr: 10e-3
2020-06-26 22:59:32.509288 | Epoch 200 | Train Loss: 0.614502 | Test Loss: 1.306453 | Lr: 10e-3
2020-06-26 23:01:02.205704 | Epoch 300 | Train Loss: 0.556627 | Test Loss: 1.275986 | Lr: 10e-4
2020-06-26 23:02:29.304352 | Epoch 400 | Train Loss: 0.552051 | Test Loss: 1.290528 | Lr: 10e-4
2020-06-26 23:03:55.744318 | Epoch 500 | Train Loss: 0.549333 | Test Loss: 1.294550 | Lr: 10e-8
2020-06-26 23:05:23.584955 | Epoch 600 | Train Loss: 0.549332 | Test Loss: 1.294547 | Lr: 10e-8
Reach Low Learning Rate !

Training Coord_Linear_2_56_M_SML
2020-06-26 23:06:40.577568 | Epoch 100 | Train Loss: 0.555215 | Test Loss: 0.665911 | Lr: 10e-3
2020-06-26 23:07:59.248100 | Epoch 200 | Train Loss: 0.438826 | Test Loss: 0.476328 | Lr: 10e-3
2020-06-26 23:09:27.409915 | Epoch 300 | Train Loss: 0.421403 | Test Loss: 0.459091 | Lr: 10e-3
2020-06-26 23:10:49.427620 | Epoch 400 | Train Loss: 0.406791 | Test Loss: 0.451086 | Lr: 10e-4
2020-06-26 23:11:57.835585 | Epoch 500 | Train Loss: 0.405149 | Test Loss: 0.450773 | Lr: 10e-8
2020-06-26 23:13:05.648143 | Epoch 600 | Train Loss: 0.405149 | Test Loss: 0.450773 | Lr: 10e-8
Reach Low Learning Rate !

Training Coord_Linear_3_56_E_SML
2020-06-26 23:14:56.778798 | Epoch 100 | Train Loss: 0.717619 | Test Loss: 1.110107 | Lr: 10e-3
2020-06-26 23:16:48.363239 | Epoch 200 | Train Loss: 0.592344 | Test Loss: 1.152112 | Lr: 10e-4
2020-06-26 23:18:39.529798 | Epoch 300 | Train Loss: 0.575676 | Test Loss: 1.172823 | Lr: 10e-4
2020-06-26 23:20:30.649483 | Epoch 400 | Train Loss: 0.563823 | Test Loss: 1.171825 | Lr: 10e-4
Overfitting !

Training Coord_Linear_3_56_D_SML
2020-06-26 23:21:47.317347 | Epoch 100 | Train Loss: 0.630256 | Test Loss: 1.231639 | Lr: 10e-3
2020-06-26 23:23:04.179691 | Epoch 200 | Train Loss: 0.546036 | Test Loss: 1.261054 | Lr: 10e-4
2020-06-26 23:24:21.131797 | Epoch 300 | Train Loss: 0.534920 | Test Loss: 1.271255 | Lr: 10e-4
2020-06-26 23:25:38.078916 | Epoch 400 | Train Loss: 0.527643 | Test Loss: 1.276031 | Lr: 10e-4
Overfitting !

Training Coord_Linear_3_56_M_SML
2020-06-26 23:26:59.692546 | Epoch 100 | Train Loss: 0.454234 | Test Loss: 0.541829 | Lr: 10e-3
2020-06-26 23:28:20.675865 | Epoch 200 | Train Loss: 0.400156 | Test Loss: 0.473414 | Lr: 10e-3
2020-06-26 23:29:41.302138 | Epoch 300 | Train Loss: 0.380789 | Test Loss: 0.469570 | Lr: 10e-4
2020-06-26 23:31:01.986257 | Epoch 400 | Train Loss: 0.379046 | Test Loss: 0.474673 | Lr: 10e-4
2020-06-26 23:32:22.617516 | Epoch 500 | Train Loss: 0.377236 | Test Loss: 0.475678 | Lr: 10e-6
2020-06-26 23:33:43.414333 | Epoch 600 | Train Loss: 0.377222 | Test Loss: 0.475702 | Lr: 10e-8
2020-06-26 23:35:04.334819 | Epoch 700 | Train Loss: 0.377222 | Test Loss: 0.475702 | Lr: 10e-8
Reach Low Learning Rate !

Training Coord_Linear_4_56_E_SML
2020-06-26 23:37:05.580411 | Epoch 100 | Train Loss: 0.672123 | Test Loss: 1.115398 | Lr: 10e-3
2020-06-26 23:39:07.565026 | Epoch 200 | Train Loss: 0.545491 | Test Loss: 1.128063 | Lr: 10e-4
2020-06-26 23:41:09.725170 | Epoch 300 | Train Loss: 0.525194 | Test Loss: 1.150727 | Lr: 10e-4
2020-06-26 23:43:11.909248 | Epoch 400 | Train Loss: 0.514430 | Test Loss: 1.156502 | Lr: 10e-4
Overfitting !

Training Coord_Linear_4_56_D_SML
2020-06-26 23:44:34.945075 | Epoch 100 | Train Loss: 0.620650 | Test Loss: 1.356289 | Lr: 10e-3
2020-06-26 23:45:58.169398 | Epoch 200 | Train Loss: 0.540967 | Test Loss: 1.398497 | Lr: 10e-3
2020-06-26 23:47:21.282019 | Epoch 300 | Train Loss: 0.481455 | Test Loss: 1.409078 | Lr: 10e-4
2020-06-26 23:48:49.017270 | Epoch 400 | Train Loss: 0.472884 | Test Loss: 1.407400 | Lr: 10e-4
Overfitting !

Training Coord_Linear_4_56_M_SML
2020-06-26 23:50:25.963879 | Epoch 100 | Train Loss: 0.433809 | Test Loss: 0.506751 | Lr: 10e-3
2020-06-26 23:52:01.556107 | Epoch 200 | Train Loss: 0.386214 | Test Loss: 0.471679 | Lr: 10e-3
2020-06-26 23:53:37.219147 | Epoch 300 | Train Loss: 0.367139 | Test Loss: 0.479107 | Lr: 10e-4
2020-06-26 23:55:12.722615 | Epoch 400 | Train Loss: 0.365031 | Test Loss: 0.482729 | Lr: 10e-4
2020-06-26 23:56:48.154275 | Epoch 500 | Train Loss: 0.363595 | Test Loss: 0.484306 | Lr: 10e-4
2020-06-26 23:58:23.354554 | Epoch 600 | Train Loss: 0.362268 | Test Loss: 0.485787 | Lr: 10e-8
2020-06-26 23:59:58.998647 | Epoch 700 | Train Loss: 0.362268 | Test Loss: 0.485790 | Lr: 10e-8
Reach Low Learning Rate !

Training Coord_Linear_5_56_E_SML
2020-06-27 00:02:17.697537 | Epoch 100 | Train Loss: 0.688272 | Test Loss: 1.137716 | Lr: 10e-3
2020-06-27 00:04:37.527407 | Epoch 200 | Train Loss: 0.531601 | Test Loss: 1.162667 | Lr: 10e-3
2020-06-27 00:06:59.576333 | Epoch 300 | Train Loss: 0.474496 | Test Loss: 1.167400 | Lr: 10e-3
2020-06-27 00:09:20.685777 | Epoch 400 | Train Loss: 0.431343 | Test Loss: 1.198392 | Lr: 10e-4
Overfitting !

Training Coord_Linear_5_56_D_SML
2020-06-27 00:10:53.524375 | Epoch 100 | Train Loss: 0.648410 | Test Loss: 1.236686 | Lr: 10e-3
2020-06-27 00:12:26.549473 | Epoch 200 | Train Loss: 0.531727 | Test Loss: 1.318099 | Lr: 10e-3
2020-06-27 00:14:00.188926 | Epoch 300 | Train Loss: 0.467598 | Test Loss: 1.384591 | Lr: 10e-4
2020-06-27 00:15:33.696736 | Epoch 400 | Train Loss: 0.454975 | Test Loss: 1.422151 | Lr: 10e-4
Overfitting !

Training Coord_Linear_5_56_M_SML
2020-06-27 00:17:22.260259 | Epoch 100 | Train Loss: 0.450306 | Test Loss: 0.525881 | Lr: 10e-3
2020-06-27 00:19:11.205760 | Epoch 200 | Train Loss: 0.387266 | Test Loss: 0.475683 | Lr: 10e-3
2020-06-27 00:21:00.439490 | Epoch 300 | Train Loss: 0.368808 | Test Loss: 0.473634 | Lr: 10e-3
2020-06-27 00:22:48.041587 | Epoch 400 | Train Loss: 0.349513 | Test Loss: 0.485103 | Lr: 10e-4
2020-06-27 00:24:36.099464 | Epoch 500 | Train Loss: 0.347261 | Test Loss: 0.492111 | Lr: 10e-4
2020-06-27 00:26:23.886067 | Epoch 600 | Train Loss: 0.345846 | Test Loss: 0.496551 | Lr: 10e-4
2020-06-27 00:28:11.642748 | Epoch 700 | Train Loss: 0.344122 | Test Loss: 0.500683 | Lr: 10e-8
2020-06-27 00:29:59.672699 | Epoch 800 | Train Loss: 0.344122 | Test Loss: 0.500685 | Lr: 10e-8
Overfitting !

Training Coord_Linear_1_72_E_SML
2020-06-27 00:31:32.457442 | Epoch 100 | Train Loss: 0.981453 | Test Loss: 1.191885 | Lr: 10e-3
2020-06-27 00:33:06.316310 | Epoch 200 | Train Loss: 0.922052 | Test Loss: 1.200774 | Lr: 10e-5
2020-06-27 00:34:41.157553 | Epoch 300 | Train Loss: 0.921415 | Test Loss: 1.200737 | Lr: 10e-8
2020-06-27 00:36:14.983507 | Epoch 400 | Train Loss: 0.921414 | Test Loss: 1.200739 | Lr: 10e-8
Overfitting !

Training Coord_Linear_1_72_D_SML
2020-06-27 00:37:22.808032 | Epoch 100 | Train Loss: 0.828878 | Test Loss: 1.461936 | Lr: 10e-3
2020-06-27 00:38:31.112274 | Epoch 200 | Train Loss: 0.757815 | Test Loss: 1.459484 | Lr: 10e-3
2020-06-27 00:39:38.776231 | Epoch 300 | Train Loss: 0.721418 | Test Loss: 1.413854 | Lr: 10e-3
2020-06-27 00:40:46.825155 | Epoch 400 | Train Loss: 0.687420 | Test Loss: 1.392038 | Lr: 10e-4
2020-06-27 00:41:54.116112 | Epoch 500 | Train Loss: 0.684339 | Test Loss: 1.391374 | Lr: 10e-8
2020-06-27 00:43:03.218219 | Epoch 600 | Train Loss: 0.684338 | Test Loss: 1.391377 | Lr: 10e-8
Reach Low Learning Rate !

Training Coord_Linear_1_72_M_SML
2020-06-27 00:44:04.854303 | Epoch 100 | Train Loss: 0.766176 | Test Loss: 0.920556 | Lr: 10e-3
2020-06-27 00:45:07.238733 | Epoch 200 | Train Loss: 0.733100 | Test Loss: 0.884929 | Lr: 10e-3
2020-06-27 00:46:09.048353 | Epoch 300 | Train Loss: 0.709178 | Test Loss: 0.858843 | Lr: 10e-5
2020-06-27 00:47:10.594679 | Epoch 400 | Train Loss: 0.708934 | Test Loss: 0.858611 | Lr: 10e-8
2020-06-27 00:48:12.225776 | Epoch 500 | Train Loss: 0.708933 | Test Loss: 0.858609 | Lr: 10e-8
Reach Low Learning Rate !

Training Coord_Linear_2_72_E_SML
2020-06-27 00:50:01.040629 | Epoch 100 | Train Loss: 0.733588 | Test Loss: 1.146696 | Lr: 10e-3
2020-06-27 00:51:49.731808 | Epoch 200 | Train Loss: 0.605625 | Test Loss: 1.131085 | Lr: 10e-4
2020-06-27 00:53:40.756747 | Epoch 300 | Train Loss: 0.592712 | Test Loss: 1.127809 | Lr: 10e-4
2020-06-27 00:55:28.415698 | Epoch 400 | Train Loss: 0.584534 | Test Loss: 1.125994 | Lr: 10e-4
2020-06-27 00:57:15.804358 | Epoch 500 | Train Loss: 0.578461 | Test Loss: 1.130873 | Lr: 10e-4
2020-06-27 00:59:02.955660 | Epoch 600 | Train Loss: 0.570600 | Test Loss: 1.133025 | Lr: 10e-5
2020-06-27 01:00:50.642530 | Epoch 700 | Train Loss: 0.570112 | Test Loss: 1.132223 | Lr: 10e-8
2020-06-27 01:02:38.827068 | Epoch 800 | Train Loss: 0.570111 | Test Loss: 1.132228 | Lr: 10e-8
Reach Low Learning Rate !

Training Coord_Linear_2_72_D_SML
2020-06-27 01:03:54.439755 | Epoch 100 | Train Loss: 0.624936 | Test Loss: 1.258643 | Lr: 10e-3
2020-06-27 01:05:10.600977 | Epoch 200 | Train Loss: 0.562482 | Test Loss: 1.231279 | Lr: 10e-3
2020-06-27 01:06:26.433078 | Epoch 300 | Train Loss: 0.517830 | Test Loss: 1.247078 | Lr: 10e-4
2020-06-27 01:07:49.418096 | Epoch 400 | Train Loss: 0.513182 | Test Loss: 1.255650 | Lr: 10e-4
Overfitting !

Training Coord_Linear_2_72_M_SML
2020-06-27 01:09:19.911925 | Epoch 100 | Train Loss: 0.541790 | Test Loss: 0.631798 | Lr: 10e-3
2020-06-27 01:10:50.534764 | Epoch 200 | Train Loss: 0.436386 | Test Loss: 0.488188 | Lr: 10e-3
2020-06-27 01:12:21.050581 | Epoch 300 | Train Loss: 0.409105 | Test Loss: 0.456778 | Lr: 10e-4
2020-06-27 01:13:52.068571 | Epoch 400 | Train Loss: 0.406545 | Test Loss: 0.459927 | Lr: 10e-4
2020-06-27 01:15:23.735698 | Epoch 500 | Train Loss: 0.404583 | Test Loss: 0.460244 | Lr: 10e-5
2020-06-27 01:17:00.889117 | Epoch 600 | Train Loss: 0.404456 | Test Loss: 0.460360 | Lr: 10e-8
2020-06-27 01:18:37.958971 | Epoch 700 | Train Loss: 0.404456 | Test Loss: 0.460361 | Lr: 10e-8
Reach Low Learning Rate !

Training Coord_Linear_3_72_E_SML
2020-06-27 01:21:08.336707 | Epoch 100 | Train Loss: 0.652663 | Test Loss: 1.109552 | Lr: 10e-3
2020-06-27 01:23:42.259424 | Epoch 200 | Train Loss: 0.526630 | Test Loss: 1.159449 | Lr: 10e-3
2020-06-27 01:26:13.489125 | Epoch 300 | Train Loss: 0.484918 | Test Loss: 1.209433 | Lr: 10e-3
2020-06-27 01:28:46.567770 | Epoch 400 | Train Loss: 0.438033 | Test Loss: 1.219377 | Lr: 10e-4
Overfitting !

Training Coord_Linear_3_72_D_SML
2020-06-27 01:30:42.720742 | Epoch 100 | Train Loss: 0.555046 | Test Loss: 1.220102 | Lr: 10e-3
2020-06-27 01:32:44.931739 | Epoch 200 | Train Loss: 0.495568 | Test Loss: 1.274178 | Lr: 10e-3
2020-06-27 01:34:30.117846 | Epoch 300 | Train Loss: 0.449686 | Test Loss: 1.301223 | Lr: 10e-4
2020-06-27 01:36:13.602928 | Epoch 400 | Train Loss: 0.443651 | Test Loss: 1.327467 | Lr: 10e-4
Overfitting !

Training Coord_Linear_3_72_M_SML
2020-06-27 01:38:03.013608 | Epoch 100 | Train Loss: 0.430859 | Test Loss: 0.488048 | Lr: 10e-3
2020-06-27 01:40:00.723465 | Epoch 200 | Train Loss: 0.391575 | Test Loss: 0.465707 | Lr: 10e-3
2020-06-27 01:41:54.133433 | Epoch 300 | Train Loss: 0.372468 | Test Loss: 0.472792 | Lr: 10e-4
2020-06-27 01:43:46.637317 | Epoch 400 | Train Loss: 0.370259 | Test Loss: 0.475334 | Lr: 10e-4
2020-06-27 01:45:38.475309 | Epoch 500 | Train Loss: 0.368851 | Test Loss: 0.479271 | Lr: 10e-4
2020-06-27 01:47:29.029780 | Epoch 600 | Train Loss: 0.367308 | Test Loss: 0.481304 | Lr: 10e-8
Overfitting !

Training Coord_Linear_4_72_E_SML
2020-06-27 01:50:14.528768 | Epoch 100 | Train Loss: 0.637554 | Test Loss: 1.132462 | Lr: 10e-3
2020-06-27 01:53:07.753895 | Epoch 200 | Train Loss: 0.487727 | Test Loss: 1.177370 | Lr: 10e-3
2020-06-27 01:57:13.832720 | Epoch 300 | Train Loss: 0.418863 | Test Loss: 1.226370 | Lr: 10e-4
2020-06-27 02:00:44.371083 | Epoch 400 | Train Loss: 0.407456 | Test Loss: 1.245975 | Lr: 10e-4
Overfitting !

Training Coord_Linear_4_72_D_SML
2020-06-27 02:02:35.577924 | Epoch 100 | Train Loss: 0.557024 | Test Loss: 1.212246 | Lr: 10e-3
2020-06-27 02:04:49.373795 | Epoch 200 | Train Loss: 0.466232 | Test Loss: 1.259492 | Lr: 10e-4
2020-06-27 02:07:14.942133 | Epoch 300 | Train Loss: 0.449990 | Test Loss: 1.328315 | Lr: 10e-4
2020-06-27 02:09:37.091114 | Epoch 400 | Train Loss: 0.440095 | Test Loss: 1.352879 | Lr: 10e-4
Overfitting !

Training Coord_Linear_4_72_M_SML
2020-06-27 02:12:13.425893 | Epoch 100 | Train Loss: 0.408096 | Test Loss: 0.475928 | Lr: 10e-3
2020-06-27 02:14:57.592635 | Epoch 200 | Train Loss: 0.371354 | Test Loss: 0.478045 | Lr: 10e-3
2020-06-27 02:17:51.323346 | Epoch 300 | Train Loss: 0.356393 | Test Loss: 0.502474 | Lr: 10e-3
2020-06-27 02:20:05.059190 | Epoch 400 | Train Loss: 0.340968 | Test Loss: 0.510254 | Lr: 10e-4
Overfitting !

Training Coord_Linear_5_72_E_SML
2020-06-27 02:23:21.211542 | Epoch 100 | Train Loss: 0.609627 | Test Loss: 1.078405 | Lr: 10e-3
2020-06-27 02:26:28.360361 | Epoch 200 | Train Loss: 0.478879 | Test Loss: 1.078820 | Lr: 10e-3
2020-06-27 02:29:57.952504 | Epoch 300 | Train Loss: 0.401933 | Test Loss: 1.108513 | Lr: 10e-4
2020-06-27 02:33:21.840778 | Epoch 400 | Train Loss: 0.389261 | Test Loss: 1.153443 | Lr: 10e-4
Overfitting !

Training Coord_Linear_5_72_D_SML
2020-06-27 02:35:29.551253 | Epoch 100 | Train Loss: 0.540745 | Test Loss: 1.339363 | Lr: 10e-3
2020-06-27 02:37:30.699441 | Epoch 200 | Train Loss: 0.437227 | Test Loss: 1.358318 | Lr: 10e-4
2020-06-27 02:39:37.422178 | Epoch 300 | Train Loss: 0.417265 | Test Loss: 1.439824 | Lr: 10e-4
2020-06-27 02:41:37.491663 | Epoch 400 | Train Loss: 0.405909 | Test Loss: 1.487604 | Lr: 10e-4
Overfitting !

Training Coord_Linear_5_72_M_SML
2020-06-27 02:44:23.136113 | Epoch 100 | Train Loss: 0.405339 | Test Loss: 0.480523 | Lr: 10e-3
2020-06-27 02:46:48.202893 | Epoch 200 | Train Loss: 0.362428 | Test Loss: 0.489210 | Lr: 10e-3
2020-06-27 02:49:21.228446 | Epoch 300 | Train Loss: 0.335358 | Test Loss: 0.531395 | Lr: 10e-4
2020-06-27 02:51:54.555964 | Epoch 400 | Train Loss: 0.331293 | Test Loss: 0.546341 | Lr: 10e-4
Overfitting !

Training Coord_Linear_1_88_E_SML
2020-06-27 02:53:53.827534 | Epoch 100 | Train Loss: 0.989387 | Test Loss: 1.208521 | Lr: 10e-3
2020-06-27 02:56:04.340486 | Epoch 200 | Train Loss: 0.916680 | Test Loss: 1.206344 | Lr: 10e-4
2020-06-27 02:58:18.137655 | Epoch 300 | Train Loss: 0.910914 | Test Loss: 1.211958 | Lr: 10e-4
2020-06-27 03:00:29.915503 | Epoch 400 | Train Loss: 0.905237 | Test Loss: 1.212940 | Lr: 10e-8
Overfitting !

Training Coord_Linear_1_88_D_SML
2020-06-27 03:01:59.797377 | Epoch 100 | Train Loss: 0.759241 | Test Loss: 1.256798 | Lr: 10e-3
2020-06-27 03:03:29.349049 | Epoch 200 | Train Loss: 0.691894 | Test Loss: 1.218184 | Lr: 10e-3
2020-06-27 06:04:49.612001 | Epoch 300 | Train Loss: 0.649515 | Test Loss: 1.231719 | Lr: 10e-4
2020-06-27 14:01:48.746038 | Epoch 400 | Train Loss: 0.645843 | Test Loss: 1.239301 | Lr: 10e-4
2020-06-27 14:02:53.762075 | Epoch 500 | Train Loss: 0.643177 | Test Loss: 1.240234 | Lr: 10e-8
2020-06-27 14:03:58.305382 | Epoch 600 | Train Loss: 0.643176 | Test Loss: 1.240232 | Lr: 10e-8
Reach Low Learning Rate !

Training Coord_Linear_1_88_M_SML
2020-06-27 14:04:58.448461 | Epoch 100 | Train Loss: 0.737061 | Test Loss: 0.910885 | Lr: 10e-3
2020-06-27 14:06:02.575880 | Epoch 200 | Train Loss: 0.711927 | Test Loss: 0.878582 | Lr: 10e-3
2020-06-27 14:07:19.352635 | Epoch 300 | Train Loss: 0.686276 | Test Loss: 0.886321 | Lr: 10e-5
2020-06-27 14:08:32.378461 | Epoch 400 | Train Loss: 0.686015 | Test Loss: 0.886313 | Lr: 10e-8
2020-06-27 14:09:46.797012 | Epoch 500 | Train Loss: 0.686015 | Test Loss: 0.886315 | Lr: 10e-8
Reach Low Learning Rate !

Training Coord_Linear_2_88_E_SML
2020-06-27 14:11:42.252834 | Epoch 100 | Train Loss: 0.717935 | Test Loss: 1.104148 | Lr: 10e-3
2020-06-27 14:13:30.607916 | Epoch 200 | Train Loss: 0.611717 | Test Loss: 1.176031 | Lr: 10e-3
2020-06-27 14:15:18.369585 | Epoch 300 | Train Loss: 0.539224 | Test Loss: 1.176235 | Lr: 10e-4
2020-06-27 14:17:05.841032 | Epoch 400 | Train Loss: 0.531364 | Test Loss: 1.182204 | Lr: 10e-4
Overfitting !

Training Coord_Linear_2_88_D_SML
2020-06-27 14:18:16.684479 | Epoch 100 | Train Loss: 0.614459 | Test Loss: 1.275003 | Lr: 10e-3
2020-06-27 14:19:27.895943 | Epoch 200 | Train Loss: 0.515764 | Test Loss: 1.276456 | Lr: 10e-4
2020-06-27 14:20:42.862360 | Epoch 300 | Train Loss: 0.504276 | Test Loss: 1.297166 | Lr: 10e-4
2020-06-27 14:21:56.055522 | Epoch 400 | Train Loss: 0.496555 | Test Loss: 1.302246 | Lr: 10e-4
Overfitting !

Training Coord_Linear_2_88_M_SML
2020-06-27 14:23:12.472060 | Epoch 100 | Train Loss: 0.479815 | Test Loss: 0.540328 | Lr: 10e-3
2020-06-27 14:24:29.382276 | Epoch 200 | Train Loss: 0.419794 | Test Loss: 0.476508 | Lr: 10e-3
2020-06-27 14:25:45.914504 | Epoch 300 | Train Loss: 0.406730 | Test Loss: 0.467633 | Lr: 10e-3
2020-06-27 14:27:03.020197 | Epoch 400 | Train Loss: 0.396040 | Test Loss: 0.474320 | Lr: 10e-4
2020-06-27 14:28:19.567385 | Epoch 500 | Train Loss: 0.394780 | Test Loss: 0.474187 | Lr: 10e-8
2020-06-27 14:29:35.750547 | Epoch 600 | Train Loss: 0.394780 | Test Loss: 0.474189 | Lr: 10e-8
Reach Low Learning Rate !

Training Coord_Linear_3_88_E_SML
2020-06-27 14:31:43.188568 | Epoch 100 | Train Loss: 0.571805 | Test Loss: 1.070388 | Lr: 10e-3
2020-06-27 14:33:50.301461 | Epoch 200 | Train Loss: 0.477089 | Test Loss: 1.149816 | Lr: 10e-3
2020-06-27 14:35:57.889083 | Epoch 300 | Train Loss: 0.413809 | Test Loss: 1.208328 | Lr: 10e-4
2020-06-27 14:38:05.325112 | Epoch 400 | Train Loss: 0.405332 | Test Loss: 1.237150 | Lr: 10e-4
Overfitting !

Training Coord_Linear_3_88_D_SML
2020-06-27 14:39:26.362286 | Epoch 100 | Train Loss: 0.540875 | Test Loss: 1.164920 | Lr: 10e-3
2020-06-27 14:40:45.692029 | Epoch 200 | Train Loss: 0.436429 | Test Loss: 1.271005 | Lr: 10e-4
2020-06-27 14:42:04.812330 | Epoch 300 | Train Loss: 0.423651 | Test Loss: 1.300508 | Lr: 10e-4
2020-06-27 14:43:23.806971 | Epoch 400 | Train Loss: 0.416344 | Test Loss: 1.318039 | Lr: 10e-4
Overfitting !

Training Coord_Linear_3_88_M_SML
2020-06-27 14:45:01.030835 | Epoch 100 | Train Loss: 0.406103 | Test Loss: 0.486432 | Lr: 10e-3
2020-06-27 14:46:37.590476 | Epoch 200 | Train Loss: 0.374729 | Test Loss: 0.505978 | Lr: 10e-3
2020-06-27 14:48:16.395112 | Epoch 300 | Train Loss: 0.353067 | Test Loss: 0.522184 | Lr: 10e-4
2020-06-27 14:49:53.345710 | Epoch 400 | Train Loss: 0.350560 | Test Loss: 0.532656 | Lr: 10e-4
Overfitting !

Training Coord_Linear_4_88_E_SML
2020-06-27 14:52:41.622066 | Epoch 100 | Train Loss: 0.601817 | Test Loss: 1.057923 | Lr: 10e-3
2020-06-27 14:55:49.193167 | Epoch 200 | Train Loss: 0.432147 | Test Loss: 1.171113 | Lr: 10e-3
2020-06-27 14:58:59.717733 | Epoch 300 | Train Loss: 0.371071 | Test Loss: 1.243569 | Lr: 10e-4
2020-06-27 15:02:06.761416 | Epoch 400 | Train Loss: 0.360678 | Test Loss: 1.267352 | Lr: 10e-4
Overfitting !

Training Coord_Linear_4_88_D_SML
2020-06-27 15:04:00.749535 | Epoch 100 | Train Loss: 0.513626 | Test Loss: 1.313877 | Lr: 10e-3
2020-06-27 15:05:53.040089 | Epoch 200 | Train Loss: 0.414715 | Test Loss: 1.423944 | Lr: 10e-4
2020-06-27 15:07:45.921913 | Epoch 300 | Train Loss: 0.395547 | Test Loss: 1.485386 | Lr: 10e-4
2020-06-27 15:09:52.148782 | Epoch 400 | Train Loss: 0.386170 | Test Loss: 1.504295 | Lr: 10e-4
Overfitting !

Training Coord_Linear_4_88_M_SML
2020-06-27 15:12:28.937271 | Epoch 100 | Train Loss: 0.403687 | Test Loss: 0.485790 | Lr: 10e-3
2020-06-27 15:14:55.752913 | Epoch 200 | Train Loss: 0.355625 | Test Loss: 0.500214 | Lr: 10e-3
2020-06-27 15:17:18.530038 | Epoch 300 | Train Loss: 0.329315 | Test Loss: 0.546684 | Lr: 10e-4
2020-06-27 15:19:10.653039 | Epoch 400 | Train Loss: 0.325463 | Test Loss: 0.561915 | Lr: 10e-4
Overfitting !

Training Coord_Linear_5_88_E_SML
2020-06-27 15:21:51.435843 | Epoch 100 | Train Loss: 0.540719 | Test Loss: 1.081392 | Lr: 10e-3
2020-06-27 15:24:36.029324 | Epoch 200 | Train Loss: 0.423549 | Test Loss: 1.120087 | Lr: 10e-3
2020-06-27 15:27:48.981160 | Epoch 300 | Train Loss: 0.355849 | Test Loss: 1.194649 | Lr: 10e-4
2020-06-27 15:31:12.078128 | Epoch 400 | Train Loss: 0.342979 | Test Loss: 1.249023 | Lr: 10e-4
Overfitting !

Training Coord_Linear_5_88_D_SML
2020-06-27 15:33:03.961223 | Epoch 100 | Train Loss: 0.547819 | Test Loss: 1.227963 | Lr: 10e-3
2020-06-27 15:35:04.547237 | Epoch 200 | Train Loss: 0.414763 | Test Loss: 1.271189 | Lr: 10e-4
2020-06-27 15:37:13.410749 | Epoch 300 | Train Loss: 0.391540 | Test Loss: 1.380712 | Lr: 10e-4
2020-06-27 15:39:19.135836 | Epoch 400 | Train Loss: 0.379483 | Test Loss: 1.464774 | Lr: 10e-4
Overfitting !

Training Coord_Linear_5_88_M_SML
2020-06-27 15:41:52.753882 | Epoch 100 | Train Loss: 0.392680 | Test Loss: 0.460217 | Lr: 10e-3
2020-06-27 15:44:34.616916 | Epoch 200 | Train Loss: 0.348726 | Test Loss: 0.471931 | Lr: 10e-3
2020-06-27 15:47:21.862742 | Epoch 300 | Train Loss: 0.327829 | Test Loss: 0.510060 | Lr: 10e-3
2020-06-27 15:49:58.289338 | Epoch 400 | Train Loss: 0.309548 | Test Loss: 0.552057 | Lr: 10e-4
Overfitting !

