Training Coord_1bRNN_1_8_E_MSE
2020-06-28 20:42:35.447254 | Epoch 100 | Train Loss: 2.457434 | Test Loss: 2.450164 | Lr: 10e-3
2020-06-28 20:45:52.823896 | Epoch 200 | Train Loss: 2.446034 | Test Loss: 2.437835 | Lr: 10e-8
2020-06-28 20:49:13.600133 | Epoch 300 | Train Loss: 2.446034 | Test Loss: 2.437836 | Lr: 10e-8
Reach Low Learning Rate !

Training Coord_1bRNN_2_8_E_MSE
2020-06-28 20:52:36.227192 | Epoch 100 | Train Loss: 2.423227 | Test Loss: 2.416305 | Lr: 10e-3
2020-06-28 20:55:53.760384 | Epoch 200 | Train Loss: 2.369234 | Test Loss: 2.370414 | Lr: 10e-3
2020-06-28 20:59:11.776492 | Epoch 300 | Train Loss: 2.342351 | Test Loss: 2.346923 | Lr: 10e-4
2020-06-28 21:02:29.450628 | Epoch 400 | Train Loss: 2.341255 | Test Loss: 2.345613 | Lr: 10e-8
2020-06-28 21:05:47.540563 | Epoch 500 | Train Loss: 2.341255 | Test Loss: 2.345614 | Lr: 10e-8
Reach Low Learning Rate !

Training Coord_1bRNN_3_8_E_MSE
2020-06-28 21:09:08.634557 | Epoch 100 | Train Loss: 2.436198 | Test Loss: 2.428299 | Lr: 10e-3
2020-06-28 21:12:31.030693 | Epoch 200 | Train Loss: 2.424047 | Test Loss: 2.423366 | Lr: 10e-6
2020-06-28 21:16:05.343918 | Epoch 300 | Train Loss: 2.424037 | Test Loss: 2.423369 | Lr: 10e-8
2020-06-28 21:19:33.043989 | Epoch 400 | Train Loss: 2.424037 | Test Loss: 2.423368 | Lr: 10e-8
Reach Low Learning Rate !

Training Coord_1bRNN_4_8_E_MSE
2020-06-28 21:23:22.846112 | Epoch 100 | Train Loss: 3.522983 | Test Loss: 3.508727 | Lr: 10e-3
2020-06-28 21:27:06.450652 | Epoch 200 | Train Loss: 2.447942 | Test Loss: 2.445266 | Lr: 10e-3
2020-06-28 21:30:50.921647 | Epoch 300 | Train Loss: 2.395612 | Test Loss: 2.402916 | Lr: 10e-3
2020-06-28 21:34:34.221653 | Epoch 400 | Train Loss: 2.376585 | Test Loss: 2.382496 | Lr: 10e-8
2020-06-28 21:38:11.194254 | Epoch 500 | Train Loss: 2.376585 | Test Loss: 2.382496 | Lr: 10e-8
Reach Low Learning Rate !

Training Coord_1bRNN_5_8_E_MSE
2020-06-28 21:41:44.272355 | Epoch 100 | Train Loss: 2.420972 | Test Loss: 2.416347 | Lr: 10e-3
2020-06-28 21:45:24.259797 | Epoch 200 | Train Loss: 2.400190 | Test Loss: 2.398464 | Lr: 10e-7
2020-06-28 21:49:12.418405 | Epoch 300 | Train Loss: 2.400188 | Test Loss: 2.398468 | Lr: 10e-8
2020-06-28 21:53:15.482647 | Epoch 400 | Train Loss: 2.400188 | Test Loss: 2.398469 | Lr: 10e-8
Reach Low Learning Rate !

Training Coord_1bRNN_1_24_E_MSE
2020-06-28 21:56:32.606239 | Epoch 100 | Train Loss: 2.434746 | Test Loss: 2.437125 | Lr: 10e-3
2020-06-28 21:59:17.399313 | Epoch 200 | Train Loss: 2.414674 | Test Loss: 2.409835 | Lr: 10e-6
2020-06-28 22:02:02.512531 | Epoch 300 | Train Loss: 2.414664 | Test Loss: 2.409832 | Lr: 10e-8
2020-06-28 22:04:47.585854 | Epoch 400 | Train Loss: 2.414664 | Test Loss: 2.409832 | Lr: 10e-8
Reach Low Learning Rate !

Training Coord_1bRNN_2_24_E_MSE
2020-06-28 22:07:37.251890 | Epoch 100 | Train Loss: 2.294378 | Test Loss: 2.294718 | Lr: 10e-3
2020-06-28 22:10:28.455811 | Epoch 200 | Train Loss: 2.237352 | Test Loss: 2.249197 | Lr: 10e-3
2020-06-28 22:13:18.617520 | Epoch 300 | Train Loss: 2.225105 | Test Loss: 2.240288 | Lr: 10e-8
2020-06-28 22:16:08.263611 | Epoch 400 | Train Loss: 2.225105 | Test Loss: 2.240289 | Lr: 10e-8
Reach Low Learning Rate !

Training Coord_1bRNN_3_24_E_MSE
2020-06-28 22:19:10.139571 | Epoch 100 | Train Loss: 2.240231 | Test Loss: 2.248474 | Lr: 10e-3
2020-06-28 22:22:42.779802 | Epoch 200 | Train Loss: 2.198795 | Test Loss: 2.217250 | Lr: 10e-3
2020-06-28 22:25:46.269774 | Epoch 300 | Train Loss: 2.182194 | Test Loss: 2.206637 | Lr: 10e-8
2020-06-28 22:28:50.044601 | Epoch 400 | Train Loss: 2.182193 | Test Loss: 2.206639 | Lr: 10e-8
Reach Low Learning Rate !

Training Coord_1bRNN_4_24_E_MSE
2020-06-28 22:32:30.170497 | Epoch 100 | Train Loss: 2.215010 | Test Loss: 2.229774 | Lr: 10e-3
2020-06-28 22:36:14.854320 | Epoch 200 | Train Loss: 2.163022 | Test Loss: 2.188362 | Lr: 10e-4
2020-06-28 22:40:02.665315 | Epoch 300 | Train Loss: 2.158057 | Test Loss: 2.186455 | Lr: 10e-8
2020-06-28 22:43:50.136297 | Epoch 400 | Train Loss: 2.158057 | Test Loss: 2.186454 | Lr: 10e-8
Reach Low Learning Rate !

Training Coord_1bRNN_5_24_E_MSE
2020-06-28 22:47:48.960535 | Epoch 100 | Train Loss: 2.208916 | Test Loss: 2.231032 | Lr: 10e-3
2020-06-28 22:51:43.670596 | Epoch 200 | Train Loss: 2.167162 | Test Loss: 2.198292 | Lr: 10e-3
2020-06-28 22:55:39.343213 | Epoch 300 | Train Loss: 2.146259 | Test Loss: 2.181334 | Lr: 10e-4
2020-06-28 22:59:29.824759 | Epoch 400 | Train Loss: 2.144009 | Test Loss: 2.181590 | Lr: 10e-8
2020-06-28 23:03:35.524417 | Epoch 500 | Train Loss: 2.144008 | Test Loss: 2.181591 | Lr: 10e-8
Reach Low Learning Rate !

Training Coord_1bRNN_1_40_E_MSE
2020-06-28 23:06:58.673993 | Epoch 100 | Train Loss: 2.449740 | Test Loss: 2.441999 | Lr: 10e-6
2020-06-28 23:10:20.016552 | Epoch 200 | Train Loss: 2.449727 | Test Loss: 2.441999 | Lr: 10e-8
2020-06-28 23:13:40.387125 | Epoch 300 | Train Loss: 2.449727 | Test Loss: 2.442000 | Lr: 10e-8
Reach Low Learning Rate !

Training Coord_1bRNN_2_40_E_MSE
2020-06-28 23:17:11.292712 | Epoch 100 | Train Loss: 2.226988 | Test Loss: 2.235336 | Lr: 10e-3
2020-06-28 23:20:42.805891 | Epoch 200 | Train Loss: 2.197858 | Test Loss: 2.206650 | Lr: 10e-3
2020-06-28 23:24:08.364549 | Epoch 300 | Train Loss: 2.172612 | Test Loss: 2.201949 | Lr: 10e-4
2020-06-28 23:27:35.880078 | Epoch 400 | Train Loss: 2.170622 | Test Loss: 2.200104 | Lr: 10e-8
2020-06-28 23:31:04.886718 | Epoch 500 | Train Loss: 2.170622 | Test Loss: 2.200103 | Lr: 10e-8
Reach Low Learning Rate !

Training Coord_1bRNN_3_40_E_MSE
2020-06-28 23:34:51.720423 | Epoch 100 | Train Loss: 2.195921 | Test Loss: 2.216078 | Lr: 10e-3
2020-06-28 23:38:33.604332 | Epoch 200 | Train Loss: 2.150959 | Test Loss: 2.193714 | Lr: 10e-3
2020-06-28 23:42:14.017689 | Epoch 300 | Train Loss: 2.132466 | Test Loss: 2.193079 | Lr: 10e-3
2020-06-28 23:45:55.426651 | Epoch 400 | Train Loss: 2.107277 | Test Loss: 2.179675 | Lr: 10e-4
2020-06-28 23:49:55.583678 | Epoch 500 | Train Loss: 2.104543 | Test Loss: 2.179684 | Lr: 10e-8
2020-06-28 23:53:54.114608 | Epoch 600 | Train Loss: 2.104543 | Test Loss: 2.179681 | Lr: 10e-8
Reach Low Learning Rate !

Training Coord_1bRNN_4_40_E_MSE
2020-06-28 23:58:06.367886 | Epoch 100 | Train Loss: 2.159428 | Test Loss: 2.218952 | Lr: 10e-3
2020-06-29 00:02:02.249510 | Epoch 200 | Train Loss: 2.121974 | Test Loss: 2.180700 | Lr: 10e-3
2020-06-29 00:06:00.892005 | Epoch 300 | Train Loss: 2.085156 | Test Loss: 2.175688 | Lr: 10e-4
2020-06-29 00:09:50.860537 | Epoch 400 | Train Loss: 2.081521 | Test Loss: 2.176773 | Lr: 10e-8
2020-06-29 00:13:42.790070 | Epoch 500 | Train Loss: 2.081520 | Test Loss: 2.176773 | Lr: 10e-8
Reach Low Learning Rate !

Training Coord_1bRNN_5_40_E_MSE
2020-06-29 00:17:55.614460 | Epoch 100 | Train Loss: 2.150564 | Test Loss: 2.186426 | Lr: 10e-3
2020-06-29 00:22:02.621767 | Epoch 200 | Train Loss: 2.114420 | Test Loss: 2.185259 | Lr: 10e-3
2020-06-29 00:26:13.785861 | Epoch 300 | Train Loss: 2.075492 | Test Loss: 2.182358 | Lr: 10e-4
2020-06-29 00:30:16.030109 | Epoch 400 | Train Loss: 2.070108 | Test Loss: 2.182968 | Lr: 10e-7
2020-06-29 00:34:23.695848 | Epoch 500 | Train Loss: 2.070104 | Test Loss: 2.182952 | Lr: 10e-8
2020-06-29 00:38:33.645508 | Epoch 600 | Train Loss: 2.070103 | Test Loss: 2.182952 | Lr: 10e-8
Reach Low Learning Rate !

Training Coord_1bRNN_1_56_E_MSE
2020-06-29 00:42:06.617627 | Epoch 100 | Train Loss: 2.402890 | Test Loss: 2.404699 | Lr: 10e-4
2020-06-29 00:45:28.736474 | Epoch 200 | Train Loss: 2.400329 | Test Loss: 2.403116 | Lr: 10e-8
2020-06-29 00:48:48.468191 | Epoch 300 | Train Loss: 2.400329 | Test Loss: 2.403114 | Lr: 10e-8
Reach Low Learning Rate !

Training Coord_1bRNN_2_56_E_MSE
2020-06-29 00:52:17.194355 | Epoch 100 | Train Loss: 2.199308 | Test Loss: 2.217432 | Lr: 10e-3
2020-06-29 00:55:43.383972 | Epoch 200 | Train Loss: 2.166275 | Test Loss: 2.201820 | Lr: 10e-3
2020-06-29 00:59:12.116224 | Epoch 300 | Train Loss: 2.141990 | Test Loss: 2.188664 | Lr: 10e-6
2020-06-29 01:02:39.228857 | Epoch 400 | Train Loss: 2.141956 | Test Loss: 2.188697 | Lr: 10e-8
2020-06-29 01:06:08.448599 | Epoch 500 | Train Loss: 2.141955 | Test Loss: 2.188704 | Lr: 10e-8
Reach Low Learning Rate !

Training Coord_1bRNN_3_56_E_MSE
2020-06-29 01:09:54.195276 | Epoch 100 | Train Loss: 2.157773 | Test Loss: 2.205897 | Lr: 10e-3
2020-06-29 01:13:42.640096 | Epoch 200 | Train Loss: 2.123862 | Test Loss: 2.202609 | Lr: 10e-3
2020-06-29 01:17:29.132504 | Epoch 300 | Train Loss: 2.095855 | Test Loss: 2.196548 | Lr: 10e-5
2020-06-29 01:21:16.724597 | Epoch 400 | Train Loss: 2.095495 | Test Loss: 2.196485 | Lr: 10e-8
2020-06-29 01:25:06.376810 | Epoch 500 | Train Loss: 2.095494 | Test Loss: 2.196484 | Lr: 10e-8
Reach Low Learning Rate !

Training Coord_1bRNN_4_56_E_MSE
2020-06-29 01:29:14.373165 | Epoch 100 | Train Loss: 2.132166 | Test Loss: 2.188059 | Lr: 10e-3
2020-06-29 01:33:29.740032 | Epoch 200 | Train Loss: 2.091235 | Test Loss: 2.186893 | Lr: 10e-3
2020-06-29 01:37:36.227375 | Epoch 300 | Train Loss: 2.052513 | Test Loss: 2.190729 | Lr: 10e-4
2020-06-29 01:41:42.439768 | Epoch 400 | Train Loss: 2.047940 | Test Loss: 2.191634 | Lr: 10e-4
Overfitting !

Training Coord_1bRNN_5_56_E_MSE
2020-06-29 01:45:54.585209 | Epoch 100 | Train Loss: 2.131810 | Test Loss: 2.194773 | Lr: 10e-3
2020-06-29 01:50:14.682834 | Epoch 200 | Train Loss: 2.081175 | Test Loss: 2.195112 | Lr: 10e-3
2020-06-29 01:54:52.843357 | Epoch 300 | Train Loss: 2.050408 | Test Loss: 2.212963 | Lr: 10e-3
2020-06-29 01:59:28.408816 | Epoch 400 | Train Loss: 2.010646 | Test Loss: 2.217613 | Lr: 10e-4
Overfitting !

Training Coord_1bRNN_E_MSE_1_72
2020-06-29 14:46:59.790432 | Epoch 100 | Train Loss: 2.414236 | Test Loss: 2.427320 | Lr: 10e-3
2020-06-29 14:50:27.206700 | Epoch 200 | Train Loss: 2.407291 | Test Loss: 2.420874 | Lr: 10e-8
2020-06-29 14:53:59.501399 | Epoch 300 | Train Loss: 2.407291 | Test Loss: 2.420873 | Lr: 10e-8
Reach Low Learning Rate !

Training Coord_1bRNN_E_MSE_2_72
2020-06-29 14:57:13.054389 | Epoch 100 | Train Loss: 2.195711 | Test Loss: 2.216333 | Lr: 10e-3
2020-06-29 15:00:50.277744 | Epoch 200 | Train Loss: 2.168986 | Test Loss: 2.207841 | Lr: 10e-3
2020-06-29 15:04:20.416443 | Epoch 300 | Train Loss: 2.146034 | Test Loss: 2.195657 | Lr: 10e-5
2020-06-29 15:07:38.664597 | Epoch 400 | Train Loss: 2.145724 | Test Loss: 2.195575 | Lr: 10e-8
2020-06-29 15:12:02.632242 | Epoch 500 | Train Loss: 2.145723 | Test Loss: 2.195575 | Lr: 10e-8
Reach Low Learning Rate !

Training Coord_1bRNN_E_MSE_3_72
2020-06-29 15:15:42.722903 | Epoch 100 | Train Loss: 2.147694 | Test Loss: 2.194407 | Lr: 10e-3
2020-06-29 15:19:11.978601 | Epoch 200 | Train Loss: 2.099876 | Test Loss: 2.189122 | Lr: 10e-3
2020-06-29 15:22:50.406529 | Epoch 300 | Train Loss: 2.058356 | Test Loss: 2.186741 | Lr: 10e-4
2020-06-29 15:26:29.962437 | Epoch 400 | Train Loss: 2.055292 | Test Loss: 2.186670 | Lr: 10e-8
2020-06-29 15:30:29.306903 | Epoch 500 | Train Loss: 2.055291 | Test Loss: 2.186671 | Lr: 10e-8
Reach Low Learning Rate !

Training Coord_1bRNN_E_MSE_4_72
2020-06-29 15:34:15.322536 | Epoch 100 | Train Loss: 2.113228 | Test Loss: 2.188733 | Lr: 10e-3
2020-06-29 15:38:09.717846 | Epoch 200 | Train Loss: 2.055674 | Test Loss: 2.201996 | Lr: 10e-3
2020-06-29 15:42:03.140390 | Epoch 300 | Train Loss: 2.021585 | Test Loss: 2.226378 | Lr: 10e-3
2020-06-29 15:45:36.897217 | Epoch 400 | Train Loss: 2.003504 | Test Loss: 2.238252 | Lr: 10e-3
Overfitting !

Training Coord_1bRNN_E_MSE_5_72
2020-06-29 15:49:34.829384 | Epoch 100 | Train Loss: 2.107468 | Test Loss: 2.189126 | Lr: 10e-3
2020-06-29 15:53:29.480371 | Epoch 200 | Train Loss: 2.040611 | Test Loss: 2.192853 | Lr: 10e-3
2020-06-29 15:57:47.652750 | Epoch 300 | Train Loss: 1.980480 | Test Loss: 2.211670 | Lr: 10e-4
2020-06-29 16:02:22.326147 | Epoch 400 | Train Loss: 1.972216 | Test Loss: 2.219535 | Lr: 10e-4
Overfitting !

Training Coord_1bRNN_E_MSE_1_88
2020-06-29 16:06:02.212651 | Epoch 100 | Train Loss: 2.479379 | Test Loss: 2.486495 | Lr: 10e-4
2020-06-29 16:08:57.393571 | Epoch 200 | Train Loss: 2.472569 | Test Loss: 2.480149 | Lr: 10e-6
2020-06-29 16:11:31.279467 | Epoch 300 | Train Loss: 2.472509 | Test Loss: 2.480113 | Lr: 10e-8
2020-06-29 16:14:09.482466 | Epoch 400 | Train Loss: 2.472508 | Test Loss: 2.480111 | Lr: 10e-8
Reach Low Learning Rate !

Training Coord_1bRNN_E_MSE_2_88
2020-06-29 16:17:23.613916 | Epoch 100 | Train Loss: 2.188122 | Test Loss: 2.223565 | Lr: 10e-3
2020-06-29 16:20:46.098362 | Epoch 200 | Train Loss: 2.152910 | Test Loss: 2.198493 | Lr: 10e-3
2020-06-29 16:24:10.280629 | Epoch 300 | Train Loss: 2.126153 | Test Loss: 2.190490 | Lr: 10e-6
2020-06-29 16:27:29.412617 | Epoch 400 | Train Loss: 2.126116 | Test Loss: 2.190490 | Lr: 10e-8
2020-06-29 16:30:51.887129 | Epoch 500 | Train Loss: 2.126116 | Test Loss: 2.190490 | Lr: 10e-8
Reach Low Learning Rate !

Training Coord_1bRNN_E_MSE_3_88
2020-06-29 16:34:23.574758 | Epoch 100 | Train Loss: 2.137942 | Test Loss: 2.196296 | Lr: 10e-3
2020-06-29 16:38:19.631393 | Epoch 200 | Train Loss: 2.085955 | Test Loss: 2.203431 | Lr: 10e-3
2020-06-29 16:42:20.810245 | Epoch 300 | Train Loss: 2.054299 | Test Loss: 2.205334 | Lr: 10e-3
2020-06-29 16:46:13.965823 | Epoch 400 | Train Loss: 2.020800 | Test Loss: 2.219198 | Lr: 10e-4
Overfitting !

Training Coord_1bRNN_E_MSE_4_88
2020-06-29 16:50:18.496851 | Epoch 100 | Train Loss: 2.096542 | Test Loss: 2.178817 | Lr: 10e-3
2020-06-29 16:54:47.121193 | Epoch 200 | Train Loss: 2.028353 | Test Loss: 2.200482 | Lr: 10e-3
2020-06-29 16:59:53.443115 | Epoch 300 | Train Loss: 1.987605 | Test Loss: 2.227551 | Lr: 10e-3
2020-06-29 17:04:52.556857 | Epoch 400 | Train Loss: 1.942143 | Test Loss: 2.247295 | Lr: 10e-4
Overfitting !

Training Coord_1bRNN_E_MSE_5_88
2020-06-29 17:09:43.311162 | Epoch 100 | Train Loss: 2.081439 | Test Loss: 2.181915 | Lr: 10e-3
2020-06-29 17:14:12.643820 | Epoch 200 | Train Loss: 1.988022 | Test Loss: 2.220592 | Lr: 10e-3
2020-06-29 17:18:48.741568 | Epoch 300 | Train Loss: 1.940209 | Test Loss: 2.264085 | Lr: 10e-3
2020-06-29 17:23:28.283408 | Epoch 400 | Train Loss: 1.911374 | Test Loss: 2.296672 | Lr: 10e-3
Overfitting !

