Training Recon_Linear_1_8_M_MSE
2020-06-22 16:38:04.640091 | Epoch 100 | Train Loss: 2.459532 | Test Loss: 3.876271 | Lr: 10e-3
2020-06-22 16:38:58.006301 | Epoch 200 | Train Loss: 2.451121 | Test Loss: 3.870946 | Lr: 10e-5
2020-06-22 16:39:46.253212 | Epoch 300 | Train Loss: 2.451720 | Test Loss: 3.871585 | Lr: 10e-8
2020-06-22 16:40:46.831128 | Epoch 400 | Train Loss: 2.451392 | Test Loss: 3.870999 | Lr: 10e-8
Reach Low Learning Rate !

Training Recon_Linear_2_8_M_MSE
2020-06-22 16:41:44.001160 | Epoch 100 | Train Loss: 2.489569 | Test Loss: 3.875458 | Lr: 10e-3
2020-06-22 16:42:37.823151 | Epoch 200 | Train Loss: 2.482373 | Test Loss: 3.872369 | Lr: 10e-8
2020-06-22 16:43:46.020380 | Epoch 300 | Train Loss: 2.481977 | Test Loss: 3.873741 | Lr: 10e-8
Reach Low Learning Rate !

Training Recon_Linear_3_8_M_MSE
2020-06-22 16:44:53.656409 | Epoch 100 | Train Loss: 2.588356 | Test Loss: 3.955440 | Lr: 10e-3
2020-06-22 16:46:03.380940 | Epoch 200 | Train Loss: 2.472503 | Test Loss: 3.848779 | Lr: 10e-3
2020-06-22 16:47:08.927562 | Epoch 300 | Train Loss: 2.457681 | Test Loss: 3.841250 | Lr: 10e-4
2020-06-22 16:48:15.690927 | Epoch 400 | Train Loss: 2.457584 | Test Loss: 3.841807 | Lr: 10e-8
2020-06-22 16:49:25.368495 | Epoch 500 | Train Loss: 2.457150 | Test Loss: 3.841583 | Lr: 10e-8
Reach Low Learning Rate !

Training Recon_Linear_4_8_M_MSE
2020-06-22 16:50:30.808439 | Epoch 100 | Train Loss: 2.655094 | Test Loss: 4.045694 | Lr: 10e-3
2020-06-22 16:51:30.142682 | Epoch 200 | Train Loss: 2.573703 | Test Loss: 3.985347 | Lr: 10e-3
2020-06-22 16:52:30.877180 | Epoch 300 | Train Loss: 2.524127 | Test Loss: 3.963459 | Lr: 10e-3
2020-06-22 16:53:39.905485 | Epoch 400 | Train Loss: 2.507616 | Test Loss: 3.956303 | Lr: 10e-5
2020-06-22 16:54:50.034844 | Epoch 500 | Train Loss: 2.507446 | Test Loss: 3.956732 | Lr: 10e-8
2020-06-22 16:55:55.429873 | Epoch 600 | Train Loss: 2.507406 | Test Loss: 3.954907 | Lr: 10e-8
Reach Low Learning Rate !

Training Recon_Linear_5_8_M_MSE
2020-06-22 16:57:10.266643 | Epoch 100 | Train Loss: 2.578746 | Test Loss: 3.962937 | Lr: 10e-3
2020-06-22 16:58:25.104397 | Epoch 200 | Train Loss: 2.537864 | Test Loss: 3.937026 | Lr: 10e-3
2020-06-22 16:59:35.923911 | Epoch 300 | Train Loss: 2.465794 | Test Loss: 3.863242 | Lr: 10e-5
2020-06-22 17:00:48.156644 | Epoch 400 | Train Loss: 2.466057 | Test Loss: 3.863181 | Lr: 10e-8
2020-06-22 17:01:57.911006 | Epoch 500 | Train Loss: 2.466141 | Test Loss: 3.863236 | Lr: 10e-8
Reach Low Learning Rate !

Training Recon_Linear_1_24_M_MSE
2020-06-22 17:02:45.306740 | Epoch 100 | Train Loss: 1.848237 | Test Loss: 3.278212 | Lr: 10e-3
2020-06-22 17:03:29.764785 | Epoch 200 | Train Loss: 1.730612 | Test Loss: 3.263857 | Lr: 10e-4
2020-06-22 17:04:14.104149 | Epoch 300 | Train Loss: 1.721556 | Test Loss: 3.250363 | Lr: 10e-8
2020-06-22 17:05:09.303457 | Epoch 400 | Train Loss: 1.721275 | Test Loss: 3.253176 | Lr: 10e-8
Reach Low Learning Rate !

Training Recon_Linear_2_24_M_MSE
2020-06-22 17:06:02.607316 | Epoch 100 | Train Loss: 1.863760 | Test Loss: 3.233723 | Lr: 10e-3
2020-06-22 17:06:58.801960 | Epoch 200 | Train Loss: 1.848754 | Test Loss: 3.227558 | Lr: 10e-8
2020-06-22 17:07:51.203752 | Epoch 300 | Train Loss: 1.849147 | Test Loss: 3.226585 | Lr: 10e-8
Reach Low Learning Rate !

Training Recon_Linear_3_24_M_MSE
2020-06-22 17:08:48.641071 | Epoch 100 | Train Loss: 1.856357 | Test Loss: 3.270698 | Lr: 10e-3
2020-06-22 17:09:46.116288 | Epoch 200 | Train Loss: 1.720698 | Test Loss: 3.281458 | Lr: 10e-4
2020-06-22 17:10:49.411932 | Epoch 300 | Train Loss: 1.712348 | Test Loss: 3.286493 | Lr: 10e-8
2020-06-22 17:11:51.415034 | Epoch 400 | Train Loss: 1.716676 | Test Loss: 3.271896 | Lr: 10e-8
Overfitting !

Training Recon_Linear_4_24_M_MSE
2020-06-22 17:12:57.041441 | Epoch 100 | Train Loss: 2.056276 | Test Loss: 3.504541 | Lr: 10e-3
2020-06-22 17:14:03.032873 | Epoch 200 | Train Loss: 1.974145 | Test Loss: 3.430916 | Lr: 10e-3
2020-06-22 17:15:04.303933 | Epoch 300 | Train Loss: 1.940784 | Test Loss: 3.411946 | Lr: 10e-6
2020-06-22 17:16:04.396149 | Epoch 400 | Train Loss: 1.941900 | Test Loss: 3.410995 | Lr: 10e-8
2020-06-22 17:17:08.528723 | Epoch 500 | Train Loss: 1.942196 | Test Loss: 3.412142 | Lr: 10e-8
Reach Low Learning Rate !

Training Recon_Linear_5_24_M_MSE
2020-06-22 17:18:11.099319 | Epoch 100 | Train Loss: 2.040047 | Test Loss: 3.469355 | Lr: 10e-3
2020-06-22 17:19:21.667492 | Epoch 200 | Train Loss: 1.891765 | Test Loss: 3.307773 | Lr: 10e-3
2020-06-22 17:20:26.066185 | Epoch 300 | Train Loss: 1.833914 | Test Loss: 3.214009 | Lr: 10e-6
2020-06-22 17:21:28.999798 | Epoch 400 | Train Loss: 1.835508 | Test Loss: 3.216941 | Lr: 10e-8
2020-06-22 17:22:36.163094 | Epoch 500 | Train Loss: 1.834125 | Test Loss: 3.215695 | Lr: 10e-8
Reach Low Learning Rate !

Training Recon_Linear_1_40_M_MSE
2020-06-22 17:23:22.474186 | Epoch 100 | Train Loss: 1.306394 | Test Loss: 2.497769 | Lr: 10e-3
2020-06-22 17:24:09.474435 | Epoch 200 | Train Loss: 1.262811 | Test Loss: 2.444457 | Lr: 10e-5
2020-06-22 17:24:56.398874 | Epoch 300 | Train Loss: 1.264425 | Test Loss: 2.446340 | Lr: 10e-8
2020-06-22 17:25:45.524431 | Epoch 400 | Train Loss: 1.267947 | Test Loss: 2.432820 | Lr: 10e-8
Reach Low Learning Rate !

Training Recon_Linear_2_40_M_MSE
2020-06-22 17:26:35.671261 | Epoch 100 | Train Loss: 1.330629 | Test Loss: 2.548681 | Lr: 10e-3
2020-06-22 17:27:25.019220 | Epoch 200 | Train Loss: 1.253394 | Test Loss: 2.459656 | Lr: 10e-4
2020-06-22 17:28:13.345916 | Epoch 300 | Train Loss: 1.248725 | Test Loss: 2.465693 | Lr: 10e-8
2020-06-22 17:29:01.766360 | Epoch 400 | Train Loss: 1.244934 | Test Loss: 2.460363 | Lr: 10e-8
Reach Low Learning Rate !

Training Recon_Linear_3_40_M_MSE
2020-06-22 17:29:55.561424 | Epoch 100 | Train Loss: 1.306193 | Test Loss: 2.516788 | Lr: 10e-3
2020-06-22 17:30:49.619782 | Epoch 200 | Train Loss: 1.251855 | Test Loss: 2.471516 | Lr: 10e-7
2020-06-22 17:31:43.358996 | Epoch 300 | Train Loss: 1.253564 | Test Loss: 2.468749 | Lr: 10e-8
2020-06-22 17:32:39.402047 | Epoch 400 | Train Loss: 1.253050 | Test Loss: 2.461074 | Lr: 10e-8
Reach Low Learning Rate !

Training Recon_Linear_4_40_M_MSE
2020-06-22 17:33:40.564397 | Epoch 100 | Train Loss: 1.498933 | Test Loss: 2.894173 | Lr: 10e-3
2020-06-22 17:34:48.928481 | Epoch 200 | Train Loss: 1.361331 | Test Loss: 2.769849 | Lr: 10e-4
2020-06-22 17:35:50.075872 | Epoch 300 | Train Loss: 1.327346 | Test Loss: 2.678952 | Lr: 10e-5
2020-06-22 17:36:52.726243 | Epoch 400 | Train Loss: 1.324158 | Test Loss: 2.683925 | Lr: 10e-8
2020-06-22 17:37:52.376641 | Epoch 500 | Train Loss: 1.328552 | Test Loss: 2.688781 | Lr: 10e-8
Reach Low Learning Rate !

Training Recon_Linear_5_40_M_MSE
2020-06-22 17:38:57.429582 | Epoch 100 | Train Loss: 1.586894 | Test Loss: 3.002872 | Lr: 10e-3
2020-06-22 17:40:02.784717 | Epoch 200 | Train Loss: 1.439852 | Test Loss: 2.803273 | Lr: 10e-3
2020-06-22 17:41:12.120200 | Epoch 300 | Train Loss: 1.384010 | Test Loss: 2.769542 | Lr: 10e-8
2020-06-22 17:42:17.837366 | Epoch 400 | Train Loss: 1.387362 | Test Loss: 2.771658 | Lr: 10e-8
Reach Low Learning Rate !

Training Recon_Linear_1_56_M_MSE
2020-06-22 17:43:05.948731 | Epoch 100 | Train Loss: 0.981787 | Test Loss: 1.901645 | Lr: 10e-3
2020-06-22 17:43:53.593252 | Epoch 200 | Train Loss: 0.923811 | Test Loss: 1.795925 | Lr: 10e-3
2020-06-22 17:44:44.017335 | Epoch 300 | Train Loss: 0.885848 | Test Loss: 1.755193 | Lr: 10e-5
2020-06-22 17:45:30.109011 | Epoch 400 | Train Loss: 0.886677 | Test Loss: 1.760744 | Lr: 10e-8
2020-06-22 17:46:23.558002 | Epoch 500 | Train Loss: 0.885280 | Test Loss: 1.755838 | Lr: 10e-8
Reach Low Learning Rate !

Training Recon_Linear_2_56_M_MSE
2020-06-22 17:47:21.173842 | Epoch 100 | Train Loss: 0.936581 | Test Loss: 1.808760 | Lr: 10e-3
2020-06-22 17:48:17.361504 | Epoch 200 | Train Loss: 0.875799 | Test Loss: 1.764846 | Lr: 10e-4
2020-06-22 17:49:10.686826 | Epoch 300 | Train Loss: 0.872505 | Test Loss: 1.754779 | Lr: 10e-8
2020-06-22 17:50:03.298058 | Epoch 400 | Train Loss: 0.870634 | Test Loss: 1.753615 | Lr: 10e-8
Reach Low Learning Rate !

Training Recon_Linear_3_56_M_MSE
2020-06-22 17:51:00.322481 | Epoch 100 | Train Loss: 1.058789 | Test Loss: 2.099394 | Lr: 10e-3
2020-06-22 17:51:58.326284 | Epoch 200 | Train Loss: 1.000696 | Test Loss: 2.022019 | Lr: 10e-3
2020-06-22 17:53:05.814708 | Epoch 300 | Train Loss: 0.934271 | Test Loss: 1.959591 | Lr: 10e-5
2020-06-22 17:54:04.970430 | Epoch 400 | Train Loss: 0.934479 | Test Loss: 1.960711 | Lr: 10e-8
2020-06-22 17:55:06.954584 | Epoch 500 | Train Loss: 0.935469 | Test Loss: 1.957332 | Lr: 10e-8
Reach Low Learning Rate !

Training Recon_Linear_4_56_M_MSE
2020-06-22 17:56:22.335891 | Epoch 100 | Train Loss: 1.089516 | Test Loss: 2.170374 | Lr: 10e-3
2020-06-22 17:57:49.979992 | Epoch 200 | Train Loss: 0.911402 | Test Loss: 1.887941 | Lr: 10e-3
2020-06-22 17:59:16.929728 | Epoch 300 | Train Loss: 0.848819 | Test Loss: 1.833308 | Lr: 10e-5
2020-06-22 18:00:37.550346 | Epoch 400 | Train Loss: 0.848065 | Test Loss: 1.833675 | Lr: 10e-8
2020-06-22 18:02:09.382194 | Epoch 500 | Train Loss: 0.849771 | Test Loss: 1.835036 | Lr: 10e-8
Reach Low Learning Rate !

Training Recon_Linear_5_56_M_MSE
2020-06-22 18:03:43.607872 | Epoch 100 | Train Loss: 1.365328 | Test Loss: 2.807940 | Lr: 10e-3
2020-06-22 18:05:19.310949 | Epoch 200 | Train Loss: 1.027383 | Test Loss: 2.284529 | Lr: 10e-3
2020-06-22 18:06:46.619714 | Epoch 300 | Train Loss: 0.859345 | Test Loss: 1.933504 | Lr: 10e-4
2020-06-22 18:08:12.537496 | Epoch 400 | Train Loss: 0.845289 | Test Loss: 1.896748 | Lr: 10e-8
2020-06-22 18:09:48.234884 | Epoch 500 | Train Loss: 0.841873 | Test Loss: 1.893497 | Lr: 10e-8
Reach Low Learning Rate !

Training Recon_Linear_1_72_M_MSE
2020-06-22 18:10:46.853111 | Epoch 100 | Train Loss: 0.610605 | Test Loss: 1.179533 | Lr: 10e-3
2020-06-22 18:11:48.159163 | Epoch 200 | Train Loss: 0.562944 | Test Loss: 1.075785 | Lr: 10e-3
2020-06-22 18:12:45.115937 | Epoch 300 | Train Loss: 0.545960 | Test Loss: 1.041723 | Lr: 10e-8
2020-06-22 18:13:43.355847 | Epoch 400 | Train Loss: 0.545988 | Test Loss: 1.040559 | Lr: 10e-8
Reach Low Learning Rate !

Training Recon_Linear_2_72_M_MSE
2020-06-22 18:14:43.876705 | Epoch 100 | Train Loss: 0.678625 | Test Loss: 1.284610 | Lr: 10e-3
2020-06-22 18:15:46.827668 | Epoch 200 | Train Loss: 0.570072 | Test Loss: 1.081894 | Lr: 10e-3
2020-06-22 18:16:49.333496 | Epoch 300 | Train Loss: 0.537103 | Test Loss: 1.040664 | Lr: 10e-6
2020-06-22 18:18:15.127978 | Epoch 400 | Train Loss: 0.539917 | Test Loss: 1.040078 | Lr: 10e-8
2020-06-22 18:19:18.486027 | Epoch 500 | Train Loss: 0.538379 | Test Loss: 1.037616 | Lr: 10e-8
Reach Low Learning Rate !

Training Recon_Linear_3_72_M_MSE
2020-06-22 18:20:34.730742 | Epoch 100 | Train Loss: 0.769905 | Test Loss: 1.493775 | Lr: 10e-3
2020-06-22 18:21:44.703234 | Epoch 200 | Train Loss: 0.585184 | Test Loss: 1.184441 | Lr: 10e-4
2020-06-22 18:22:55.608475 | Epoch 300 | Train Loss: 0.581237 | Test Loss: 1.170214 | Lr: 10e-8
2020-06-22 18:24:05.733408 | Epoch 400 | Train Loss: 0.579853 | Test Loss: 1.177889 | Lr: 10e-8
Reach Low Learning Rate !

Training Recon_Linear_4_72_M_MSE
2020-06-22 18:25:28.629302 | Epoch 100 | Train Loss: 0.839827 | Test Loss: 1.715124 | Lr: 10e-3
2020-06-22 18:26:47.951161 | Epoch 200 | Train Loss: 0.662109 | Test Loss: 1.349443 | Lr: 10e-3
2020-06-22 18:28:06.719932 | Epoch 300 | Train Loss: 0.619734 | Test Loss: 1.281218 | Lr: 10e-8
2020-06-22 18:29:27.083855 | Epoch 400 | Train Loss: 0.619502 | Test Loss: 1.278365 | Lr: 10e-8
Reach Low Learning Rate !

Training Recon_Linear_5_72_M_MSE
2020-06-22 18:30:52.712146 | Epoch 100 | Train Loss: 0.987788 | Test Loss: 2.143337 | Lr: 10e-3
2020-06-22 18:32:21.595507 | Epoch 200 | Train Loss: 0.626943 | Test Loss: 1.420361 | Lr: 10e-3
2020-06-22 18:33:49.706330 | Epoch 300 | Train Loss: 0.539822 | Test Loss: 1.259820 | Lr: 10e-4
2020-06-22 18:35:15.341159 | Epoch 400 | Train Loss: 0.530488 | Test Loss: 1.253314 | Lr: 10e-8
2020-06-22 18:36:39.654908 | Epoch 500 | Train Loss: 0.533013 | Test Loss: 1.256720 | Lr: 10e-8
Reach Low Learning Rate !

Training Recon_Linear_1_88_M_MSE
2020-06-22 18:37:32.397928 | Epoch 100 | Train Loss: 0.342072 | Test Loss: 0.550237 | Lr: 10e-3
2020-06-22 18:38:25.616844 | Epoch 200 | Train Loss: 0.255909 | Test Loss: 0.375833 | Lr: 10e-3
2020-06-22 18:39:20.527747 | Epoch 300 | Train Loss: 0.244364 | Test Loss: 0.368122 | Lr: 10e-8
2020-06-22 18:40:13.428624 | Epoch 400 | Train Loss: 0.245534 | Test Loss: 0.366239 | Lr: 10e-8
Reach Low Learning Rate !

Training Recon_Linear_2_88_M_MSE
2020-06-22 18:41:22.237786 | Epoch 100 | Train Loss: 0.317705 | Test Loss: 0.517095 | Lr: 10e-3
2020-06-22 18:42:26.919614 | Epoch 200 | Train Loss: 0.267306 | Test Loss: 0.452563 | Lr: 10e-4
2020-06-22 18:43:31.847476 | Epoch 300 | Train Loss: 0.263159 | Test Loss: 0.441082 | Lr: 10e-8
2020-06-22 18:44:35.700378 | Epoch 400 | Train Loss: 0.263704 | Test Loss: 0.440666 | Lr: 10e-8
Reach Low Learning Rate !

Training Recon_Linear_3_88_M_MSE
2020-06-22 18:45:47.016258 | Epoch 100 | Train Loss: 0.469834 | Test Loss: 0.873350 | Lr: 10e-3
2020-06-22 18:46:56.177113 | Epoch 200 | Train Loss: 0.268620 | Test Loss: 0.500512 | Lr: 10e-4
2020-06-22 18:48:07.065974 | Epoch 300 | Train Loss: 0.265720 | Test Loss: 0.481994 | Lr: 10e-8
2020-06-22 18:49:21.733954 | Epoch 400 | Train Loss: 0.265603 | Test Loss: 0.479969 | Lr: 10e-8
Reach Low Learning Rate !

Training Recon_Linear_4_88_M_MSE
2020-06-22 18:50:41.371755 | Epoch 100 | Train Loss: 0.595357 | Test Loss: 1.256388 | Lr: 10e-3
2020-06-22 18:52:04.606563 | Epoch 200 | Train Loss: 0.383426 | Test Loss: 0.921309 | Lr: 10e-3
2020-06-22 18:53:28.424470 | Epoch 300 | Train Loss: 0.298880 | Test Loss: 0.755463 | Lr: 10e-4
2020-06-22 18:54:49.544318 | Epoch 400 | Train Loss: 0.293935 | Test Loss: 0.744882 | Lr: 10e-8
2020-06-22 18:56:09.011068 | Epoch 500 | Train Loss: 0.292390 | Test Loss: 0.746018 | Lr: 10e-8
Reach Low Learning Rate !

Training Recon_Linear_5_88_M_MSE
2020-06-22 18:57:33.339033 | Epoch 100 | Train Loss: 0.764371 | Test Loss: 1.916381 | Lr: 10e-3
2020-06-22 18:58:57.741774 | Epoch 200 | Train Loss: 0.386570 | Test Loss: 1.060068 | Lr: 10e-3
2020-06-22 19:00:25.941747 | Epoch 300 | Train Loss: 0.298045 | Test Loss: 0.978333 | Lr: 10e-3
2020-06-22 19:01:55.258054 | Epoch 400 | Train Loss: 0.247704 | Test Loss: 0.877035 | Lr: 10e-6
2020-06-22 19:03:07.980476 | Epoch 500 | Train Loss: 0.246901 | Test Loss: 0.879337 | Lr: 10e-8
2020-06-22 19:04:20.443591 | Epoch 600 | Train Loss: 0.247271 | Test Loss: 0.895799 | Lr: 10e-8
Reach Low Learning Rate !

Training Recon_AE_1_8_D_MSE
2020-06-22 19:41:08.487787 | Epoch 100 | Train Loss: 2.568003 | Test Loss: 3.941365 | Lr: 10e-3
2020-06-22 19:42:22.801679 | Epoch 200 | Train Loss: 2.478570 | Test Loss: 3.855646 | Lr: 10e-3
2020-06-22 19:43:39.438516 | Epoch 300 | Train Loss: 2.465329 | Test Loss: 3.857604 | Lr: 10e-3
2020-06-22 19:44:54.350372 | Epoch 400 | Train Loss: 2.462195 | Test Loss: 3.856849 | Lr: 10e-8
2020-06-22 19:46:07.273342 | Epoch 500 | Train Loss: 2.461880 | Test Loss: 3.856457 | Lr: 10e-8
Reach Low Learning Rate !

Training Recon_AE_2_8_D_MSE
2020-06-22 19:47:27.930267 | Epoch 100 | Train Loss: 2.551600 | Test Loss: 3.979380 | Lr: 10e-3
2020-06-22 19:48:53.572475 | Epoch 200 | Train Loss: 2.443089 | Test Loss: 3.883173 | Lr: 10e-3
2020-06-22 19:50:20.950448 | Epoch 300 | Train Loss: 2.407609 | Test Loss: 3.859671 | Lr: 10e-3
2020-06-22 19:51:42.600646 | Epoch 400 | Train Loss: 2.395713 | Test Loss: 3.860266 | Lr: 10e-7
2020-06-22 19:53:05.111407 | Epoch 500 | Train Loss: 2.394774 | Test Loss: 3.859493 | Lr: 10e-8
Reach Low Learning Rate !

Training Recon_AE_3_8_D_MSE
2020-06-22 19:54:35.919821 | Epoch 100 | Train Loss: 2.540301 | Test Loss: 3.971146 | Lr: 10e-3
2020-06-22 19:55:45.520595 | Epoch 200 | Train Loss: 2.480345 | Test Loss: 3.946524 | Lr: 10e-3
2020-06-22 19:57:03.550814 | Epoch 300 | Train Loss: 2.456617 | Test Loss: 3.927140 | Lr: 10e-4
2020-06-22 19:58:20.743275 | Epoch 400 | Train Loss: 2.453718 | Test Loss: 3.926925 | Lr: 10e-8
2020-06-22 19:59:35.927111 | Epoch 500 | Train Loss: 2.454732 | Test Loss: 3.925393 | Lr: 10e-8
Reach Low Learning Rate !

Training Recon_AE_4_8_D_MSE
2020-06-22 20:01:01.600391 | Epoch 100 | Train Loss: 2.696999 | Test Loss: 4.096679 | Lr: 10e-3
2020-06-22 20:02:28.143834 | Epoch 200 | Train Loss: 2.569885 | Test Loss: 3.993774 | Lr: 10e-3
2020-06-22 20:03:56.880935 | Epoch 300 | Train Loss: 2.556467 | Test Loss: 3.986190 | Lr: 10e-8
2020-06-22 20:05:22.335290 | Epoch 400 | Train Loss: 2.557869 | Test Loss: 3.986835 | Lr: 10e-8
Reach Low Learning Rate !

Training Recon_AE_5_8_D_MSE
2020-06-22 20:06:58.953775 | Epoch 100 | Train Loss: 2.725408 | Test Loss: 4.092062 | Lr: 10e-3
2020-06-22 20:08:36.811940 | Epoch 200 | Train Loss: 2.577489 | Test Loss: 4.000160 | Lr: 10e-3
2020-06-22 20:10:10.696741 | Epoch 300 | Train Loss: 2.489686 | Test Loss: 3.910444 | Lr: 10e-3
2020-06-22 20:11:43.765721 | Epoch 400 | Train Loss: 2.453633 | Test Loss: 3.895137 | Lr: 10e-4
2020-06-22 20:13:30.206384 | Epoch 500 | Train Loss: 2.453445 | Test Loss: 3.893641 | Lr: 10e-8
2020-06-22 20:15:26.189304 | Epoch 600 | Train Loss: 2.452387 | Test Loss: 3.896983 | Lr: 10e-8
Reach Low Learning Rate !

Training Recon_AE_1_24_D_MSE
2020-06-22 20:16:40.885333 | Epoch 100 | Train Loss: 1.922108 | Test Loss: 3.319510 | Lr: 10e-3
2020-06-22 20:17:47.109027 | Epoch 200 | Train Loss: 1.898553 | Test Loss: 3.306842 | Lr: 10e-7
2020-06-22 20:18:53.515059 | Epoch 300 | Train Loss: 1.902437 | Test Loss: 3.308199 | Lr: 10e-8
2020-06-22 20:19:57.262851 | Epoch 400 | Train Loss: 1.901395 | Test Loss: 3.310061 | Lr: 10e-8
Reach Low Learning Rate !

Training Recon_AE_2_24_D_MSE
2020-06-22 20:21:15.461879 | Epoch 100 | Train Loss: 2.112059 | Test Loss: 3.585566 | Lr: 10e-3
2020-06-22 20:22:36.899461 | Epoch 200 | Train Loss: 1.941205 | Test Loss: 3.445425 | Lr: 10e-3
2020-06-22 20:23:58.099510 | Epoch 300 | Train Loss: 1.767124 | Test Loss: 3.450036 | Lr: 10e-3
2020-06-22 20:25:15.841349 | Epoch 400 | Train Loss: 1.703130 | Test Loss: 3.418484 | Lr: 10e-5
2020-06-22 20:26:39.125149 | Epoch 500 | Train Loss: 1.699884 | Test Loss: 3.418410 | Lr: 10e-8
2020-06-22 20:28:03.358152 | Epoch 600 | Train Loss: 1.700692 | Test Loss: 3.409681 | Lr: 10e-8
Reach Low Learning Rate !

Training Recon_AE_3_24_D_MSE
2020-06-22 20:29:45.555797 | Epoch 100 | Train Loss: 2.094646 | Test Loss: 3.590301 | Lr: 10e-3
2020-06-22 20:31:15.732647 | Epoch 200 | Train Loss: 1.955133 | Test Loss: 3.489922 | Lr: 10e-3
2020-06-22 20:32:44.871978 | Epoch 300 | Train Loss: 1.851557 | Test Loss: 3.496086 | Lr: 10e-3
2020-06-22 20:34:00.134602 | Epoch 400 | Train Loss: 1.724326 | Test Loss: 3.371994 | Lr: 10e-3
2020-06-22 20:35:24.670944 | Epoch 500 | Train Loss: 1.656325 | Test Loss: 3.316745 | Lr: 10e-8
2020-06-22 20:36:49.736232 | Epoch 600 | Train Loss: 1.656109 | Test Loss: 3.343444 | Lr: 10e-8
Reach Low Learning Rate !

Training Recon_AE_4_24_D_MSE
2020-06-22 20:38:22.077080 | Epoch 100 | Train Loss: 2.269238 | Test Loss: 3.794397 | Lr: 10e-3
2020-06-22 20:39:57.645980 | Epoch 200 | Train Loss: 2.013639 | Test Loss: 3.551339 | Lr: 10e-3
2020-06-22 20:41:29.968257 | Epoch 300 | Train Loss: 1.956805 | Test Loss: 3.527249 | Lr: 10e-5
2020-06-22 20:43:01.068991 | Epoch 400 | Train Loss: 1.956429 | Test Loss: 3.525290 | Lr: 10e-8
2020-06-22 20:44:34.506423 | Epoch 500 | Train Loss: 1.958688 | Test Loss: 3.527907 | Lr: 10e-8
Reach Low Learning Rate !

Training Recon_AE_5_24_D_MSE
2020-06-22 20:46:14.616213 | Epoch 100 | Train Loss: 2.415325 | Test Loss: 3.923920 | Lr: 10e-3
2020-06-22 20:48:05.806550 | Epoch 200 | Train Loss: 2.139966 | Test Loss: 3.700314 | Lr: 10e-3
2020-06-22 20:49:52.953175 | Epoch 300 | Train Loss: 2.033621 | Test Loss: 3.603251 | Lr: 10e-3
2020-06-22 20:51:46.581224 | Epoch 400 | Train Loss: 1.969900 | Test Loss: 3.524304 | Lr: 10e-3
2020-06-22 20:53:11.023297 | Epoch 500 | Train Loss: 1.901125 | Test Loss: 3.464533 | Lr: 10e-5
2020-06-22 20:54:48.800739 | Epoch 600 | Train Loss: 1.900479 | Test Loss: 3.461114 | Lr: 10e-8
2020-06-22 20:56:36.975439 | Epoch 700 | Train Loss: 1.899874 | Test Loss: 3.459856 | Lr: 10e-8
Reach Low Learning Rate !

Training Recon_AE_1_40_D_MSE
2020-06-22 20:57:45.584354 | Epoch 100 | Train Loss: 1.501576 | Test Loss: 2.877868 | Lr: 10e-3
2020-06-22 20:58:51.983175 | Epoch 200 | Train Loss: 1.437794 | Test Loss: 2.870560 | Lr: 10e-5
2020-06-22 20:59:58.777149 | Epoch 300 | Train Loss: 1.436020 | Test Loss: 2.855054 | Lr: 10e-8
2020-06-22 21:01:14.660229 | Epoch 400 | Train Loss: 1.436652 | Test Loss: 2.854341 | Lr: 10e-8
Reach Low Learning Rate !

Training Recon_AE_2_40_D_MSE
2020-06-22 21:02:39.424711 | Epoch 100 | Train Loss: 1.553657 | Test Loss: 3.074470 | Lr: 10e-3
2020-06-22 21:04:03.552640 | Epoch 200 | Train Loss: 1.365698 | Test Loss: 3.025094 | Lr: 10e-3
2020-06-22 21:05:22.557441 | Epoch 300 | Train Loss: 1.216830 | Test Loss: 2.864320 | Lr: 10e-3
2020-06-22 21:06:40.043286 | Epoch 400 | Train Loss: 1.097671 | Test Loss: 2.714207 | Lr: 10e-3
2020-06-22 21:07:59.125130 | Epoch 500 | Train Loss: 1.045281 | Test Loss: 2.692095 | Lr: 10e-3
2020-06-22 21:09:16.100519 | Epoch 600 | Train Loss: 0.985846 | Test Loss: 2.648430 | Lr: 10e-6
2020-06-22 21:10:37.234915 | Epoch 700 | Train Loss: 0.984449 | Test Loss: 2.642944 | Lr: 10e-8
2020-06-22 21:11:47.103954 | Epoch 800 | Train Loss: 0.985615 | Test Loss: 2.636961 | Lr: 10e-8
Reach Low Learning Rate !

Training Recon_AE_3_40_D_MSE
2020-06-22 21:12:58.319407 | Epoch 100 | Train Loss: 2.003609 | Test Loss: 3.509113 | Lr: 10e-3
2020-06-22 21:14:18.029133 | Epoch 200 | Train Loss: 1.577127 | Test Loss: 3.297750 | Lr: 10e-3
2020-06-22 21:16:11.912843 | Epoch 300 | Train Loss: 1.443451 | Test Loss: 3.218494 | Lr: 10e-3
2020-06-22 21:17:50.838075 | Epoch 400 | Train Loss: 1.259409 | Test Loss: 2.982644 | Lr: 10e-3
2020-06-22 21:19:32.907796 | Epoch 500 | Train Loss: 1.176770 | Test Loss: 2.938780 | Lr: 10e-3
2020-06-22 21:21:14.202719 | Epoch 600 | Train Loss: 1.090652 | Test Loss: 2.873033 | Lr: 10e-3
2020-06-22 21:23:03.454966 | Epoch 700 | Train Loss: 1.033806 | Test Loss: 2.790795 | Lr: 10e-3
2020-06-22 21:24:52.473637 | Epoch 800 | Train Loss: 0.944087 | Test Loss: 2.725851 | Lr: 10e-6
2020-06-22 21:26:34.777416 | Epoch 900 | Train Loss: 0.945879 | Test Loss: 2.735612 | Lr: 10e-8
2020-06-22 21:28:11.515400 | Epoch 1000 | Train Loss: 0.942384 | Test Loss: 2.729289 | Lr: 10e-8
Reach Low Learning Rate !

Training Recon_AE_4_40_D_MSE
2020-06-22 21:30:01.609258 | Epoch 100 | Train Loss: 2.156751 | Test Loss: 3.773981 | Lr: 10e-3
2020-06-22 21:31:55.933078 | Epoch 200 | Train Loss: 1.823296 | Test Loss: 3.478458 | Lr: 10e-3
2020-06-22 21:33:44.596846 | Epoch 300 | Train Loss: 1.565062 | Test Loss: 3.333648 | Lr: 10e-3
2020-06-22 21:35:31.787611 | Epoch 400 | Train Loss: 1.410966 | Test Loss: 3.233007 | Lr: 10e-3
2020-06-22 21:37:18.425442 | Epoch 500 | Train Loss: 1.244555 | Test Loss: 3.073515 | Lr: 10e-3
2020-06-22 21:39:08.116333 | Epoch 600 | Train Loss: 1.148495 | Test Loss: 2.946466 | Lr: 10e-3
2020-06-22 21:40:58.755515 | Epoch 700 | Train Loss: 1.044687 | Test Loss: 2.887654 | Lr: 10e-4
2020-06-22 21:42:48.626694 | Epoch 800 | Train Loss: 1.006023 | Test Loss: 2.845496 | Lr: 10e-8
2020-06-22 21:44:40.322634 | Epoch 900 | Train Loss: 1.009023 | Test Loss: 2.842129 | Lr: 10e-8
Reach Low Learning Rate !

Training Recon_AE_5_40_D_MSE
2020-06-22 21:46:42.122270 | Epoch 100 | Train Loss: 2.218327 | Test Loss: 3.769068 | Lr: 10e-3
2020-06-22 21:48:49.017000 | Epoch 200 | Train Loss: 2.009009 | Test Loss: 3.666374 | Lr: 10e-3
2020-06-22 21:50:59.423764 | Epoch 300 | Train Loss: 1.860931 | Test Loss: 3.518963 | Lr: 10e-3
2020-06-22 21:53:02.670583 | Epoch 400 | Train Loss: 1.694614 | Test Loss: 3.419307 | Lr: 10e-4
2020-06-22 21:55:06.358508 | Epoch 500 | Train Loss: 1.684010 | Test Loss: 3.401195 | Lr: 10e-8
2020-06-22 21:57:06.066306 | Epoch 600 | Train Loss: 1.681833 | Test Loss: 3.409844 | Lr: 10e-8
Reach Low Learning Rate !

Training Recon_AE_1_56_D_MSE
2020-06-22 21:58:09.912394 | Epoch 100 | Train Loss: 1.295852 | Test Loss: 2.533051 | Lr: 10e-3
2020-06-22 21:59:14.144231 | Epoch 200 | Train Loss: 1.170439 | Test Loss: 2.398255 | Lr: 10e-3
2020-06-22 22:00:34.868753 | Epoch 300 | Train Loss: 1.124439 | Test Loss: 2.393450 | Lr: 10e-3
2020-06-22 22:01:41.266287 | Epoch 400 | Train Loss: 1.072742 | Test Loss: 2.310581 | Lr: 10e-3
2020-06-22 22:02:48.079998 | Epoch 500 | Train Loss: 1.035002 | Test Loss: 2.282983 | Lr: 10e-8
2020-06-22 22:03:56.162849 | Epoch 600 | Train Loss: 1.034887 | Test Loss: 2.297049 | Lr: 10e-8
Reach Low Learning Rate !

Training Recon_AE_2_56_D_MSE
2020-06-22 22:05:34.162750 | Epoch 100 | Train Loss: 1.304462 | Test Loss: 2.898790 | Lr: 10e-3
2020-06-22 22:07:07.232552 | Epoch 200 | Train Loss: 0.962005 | Test Loss: 2.580030 | Lr: 10e-3
2020-06-22 22:08:36.625443 | Epoch 300 | Train Loss: 0.832754 | Test Loss: 2.488037 | Lr: 10e-3
2020-06-22 22:10:16.615255 | Epoch 400 | Train Loss: 0.751533 | Test Loss: 2.359707 | Lr: 10e-3
2020-06-22 22:11:57.071192 | Epoch 500 | Train Loss: 0.677685 | Test Loss: 2.253695 | Lr: 10e-3
2020-06-22 22:13:32.521526 | Epoch 600 | Train Loss: 0.625772 | Test Loss: 2.158344 | Lr: 10e-3
2020-06-22 22:15:06.817638 | Epoch 700 | Train Loss: 0.560066 | Test Loss: 2.084390 | Lr: 10e-6
2020-06-22 22:16:47.450781 | Epoch 800 | Train Loss: 0.559173 | Test Loss: 2.092014 | Lr: 10e-8
2020-06-22 22:18:41.231398 | Epoch 900 | Train Loss: 0.560573 | Test Loss: 2.101362 | Lr: 10e-8
Reach Low Learning Rate !

Training Recon_AE_3_56_D_MSE
2020-06-22 22:20:41.373057 | Epoch 100 | Train Loss: 1.565494 | Test Loss: 3.142099 | Lr: 10e-3
2020-06-22 22:22:19.817985 | Epoch 200 | Train Loss: 1.161669 | Test Loss: 2.926807 | Lr: 10e-3
2020-06-22 22:23:57.511122 | Epoch 300 | Train Loss: 0.904776 | Test Loss: 2.680786 | Lr: 10e-3
2020-06-22 22:25:45.922592 | Epoch 400 | Train Loss: 0.744200 | Test Loss: 2.464856 | Lr: 10e-3
2020-06-22 22:27:32.257994 | Epoch 500 | Train Loss: 0.636702 | Test Loss: 2.365947 | Lr: 10e-3
2020-06-22 22:29:18.991210 | Epoch 600 | Train Loss: 0.530498 | Test Loss: 2.208199 | Lr: 10e-4
2020-06-22 22:31:03.084856 | Epoch 700 | Train Loss: 0.520653 | Test Loss: 2.211695 | Lr: 10e-8
2020-06-22 22:32:55.368884 | Epoch 800 | Train Loss: 0.519559 | Test Loss: 2.213535 | Lr: 10e-8
Reach Low Learning Rate !

Training Recon_AE_4_56_D_MSE
2020-06-22 22:34:47.460620 | Epoch 100 | Train Loss: 1.816236 | Test Loss: 3.518100 | Lr: 10e-3
2020-06-22 22:36:38.882191 | Epoch 200 | Train Loss: 1.512340 | Test Loss: 3.342965 | Lr: 10e-3
2020-06-22 22:38:29.244051 | Epoch 300 | Train Loss: 1.333566 | Test Loss: 3.294282 | Lr: 10e-3
2020-06-22 22:40:22.718044 | Epoch 400 | Train Loss: 1.119512 | Test Loss: 3.049050 | Lr: 10e-3
2020-06-22 22:42:13.127912 | Epoch 500 | Train Loss: 0.930325 | Test Loss: 2.886463 | Lr: 10e-3
2020-06-22 22:44:07.168666 | Epoch 600 | Train Loss: 0.782278 | Test Loss: 2.690838 | Lr: 10e-3
2020-06-22 22:45:58.076124 | Epoch 700 | Train Loss: 0.678280 | Test Loss: 2.594170 | Lr: 10e-3
2020-06-22 22:48:03.208880 | Epoch 800 | Train Loss: 0.608537 | Test Loss: 2.465761 | Lr: 10e-3
2020-06-22 22:50:01.190631 | Epoch 900 | Train Loss: 0.488036 | Test Loss: 2.312506 | Lr: 10e-4
2020-06-22 22:51:56.093537 | Epoch 1000 | Train Loss: 0.473228 | Test Loss: 2.300116 | Lr: 10e-8
Training Recon_AE_5_56_D_MSE
2020-06-22 22:54:03.353309 | Epoch 100 | Train Loss: 2.157746 | Test Loss: 3.776325 | Lr: 10e-3
2020-06-22 22:56:09.558993 | Epoch 200 | Train Loss: 1.869512 | Test Loss: 3.673423 | Lr: 10e-3
2020-06-22 22:58:19.376142 | Epoch 300 | Train Loss: 1.646509 | Test Loss: 3.592691 | Lr: 10e-3
2020-06-22 23:00:26.432562 | Epoch 400 | Train Loss: 1.526968 | Test Loss: 3.582027 | Lr: 10e-3
2020-06-22 23:02:38.005315 | Epoch 500 | Train Loss: 1.376296 | Test Loss: 3.557372 | Lr: 10e-4
2020-06-22 23:04:53.017088 | Epoch 600 | Train Loss: 1.371469 | Test Loss: 3.537895 | Lr: 10e-8
2020-06-22 23:07:06.260804 | Epoch 700 | Train Loss: 1.363050 | Test Loss: 3.566800 | Lr: 10e-8
Reach Low Learning Rate !

Training Recon_AE_1_72_D_MSE
2020-06-22 23:08:16.186662 | Epoch 100 | Train Loss: 0.974151 | Test Loss: 1.979037 | Lr: 10e-3
2020-06-22 23:09:28.128498 | Epoch 200 | Train Loss: 0.809208 | Test Loss: 1.678452 | Lr: 10e-3
2020-06-22 23:10:51.180314 | Epoch 300 | Train Loss: 0.755596 | Test Loss: 1.595017 | Lr: 10e-3
2020-06-22 23:12:08.487242 | Epoch 400 | Train Loss: 0.719971 | Test Loss: 1.553461 | Lr: 10e-8
2020-06-22 23:13:22.969979 | Epoch 500 | Train Loss: 0.720411 | Test Loss: 1.554908 | Lr: 10e-8
Reach Low Learning Rate !

Training Recon_AE_2_72_D_MSE
2020-06-22 23:14:55.773740 | Epoch 100 | Train Loss: 0.962648 | Test Loss: 2.501224 | Lr: 10e-3
2020-06-22 23:16:28.689556 | Epoch 200 | Train Loss: 0.639539 | Test Loss: 2.203242 | Lr: 10e-3
2020-06-22 23:18:01.302522 | Epoch 300 | Train Loss: 0.509681 | Test Loss: 1.989961 | Lr: 10e-3
2020-06-22 23:19:31.019350 | Epoch 400 | Train Loss: 0.444878 | Test Loss: 1.828013 | Lr: 10e-3
2020-06-22 23:21:03.331305 | Epoch 500 | Train Loss: 0.377990 | Test Loss: 1.708515 | Lr: 10e-6
2020-06-22 23:22:32.182716 | Epoch 600 | Train Loss: 0.380746 | Test Loss: 1.717764 | Lr: 10e-8
2020-06-22 23:24:02.232792 | Epoch 700 | Train Loss: 0.376878 | Test Loss: 1.718313 | Lr: 10e-8
Reach Low Learning Rate !

Training Recon_AE_3_72_D_MSE
2020-06-22 23:25:44.989598 | Epoch 100 | Train Loss: 1.310154 | Test Loss: 3.104036 | Lr: 10e-3
2020-06-22 23:27:28.281412 | Epoch 200 | Train Loss: 0.893344 | Test Loss: 2.759306 | Lr: 10e-3
2020-06-22 23:29:31.750973 | Epoch 300 | Train Loss: 0.630950 | Test Loss: 2.453392 | Lr: 10e-3
2020-06-22 23:31:27.343829 | Epoch 400 | Train Loss: 0.496739 | Test Loss: 2.158900 | Lr: 10e-3
2020-06-22 23:33:15.879512 | Epoch 500 | Train Loss: 0.408436 | Test Loss: 1.979066 | Lr: 10e-3
2020-06-22 23:35:04.402301 | Epoch 600 | Train Loss: 0.320227 | Test Loss: 1.844503 | Lr: 10e-5
2020-06-22 23:36:56.555001 | Epoch 700 | Train Loss: 0.320741 | Test Loss: 1.827701 | Lr: 10e-8
2020-06-22 23:38:49.578175 | Epoch 800 | Train Loss: 0.320555 | Test Loss: 1.828697 | Lr: 10e-8
Reach Low Learning Rate !

Training Recon_AE_4_72_D_MSE
2020-06-22 23:41:08.187593 | Epoch 100 | Train Loss: 1.890504 | Test Loss: 3.519927 | Lr: 10e-3
2020-06-22 23:43:28.896329 | Epoch 200 | Train Loss: 1.366958 | Test Loss: 3.313756 | Lr: 10e-3
2020-06-22 23:45:49.779112 | Epoch 300 | Train Loss: 1.099290 | Test Loss: 3.195520 | Lr: 10e-3
2020-06-22 23:47:58.324948 | Epoch 400 | Train Loss: 0.843340 | Test Loss: 2.896549 | Lr: 10e-3
2020-06-22 23:50:46.820108 | Epoch 500 | Train Loss: 0.662902 | Test Loss: 2.642597 | Lr: 10e-3
2020-06-22 23:52:48.693143 | Epoch 600 | Train Loss: 0.493624 | Test Loss: 2.297316 | Lr: 10e-3
2020-06-22 23:55:00.869340 | Epoch 700 | Train Loss: 0.415142 | Test Loss: 2.176893 | Lr: 10e-3
2020-06-22 23:57:05.781705 | Epoch 800 | Train Loss: 0.346425 | Test Loss: 1.942346 | Lr: 10e-3
2020-06-22 23:59:05.324437 | Epoch 900 | Train Loss: 0.252442 | Test Loss: 1.827173 | Lr: 10e-5
2020-06-23 00:01:18.818281 | Epoch 1000 | Train Loss: 0.252959 | Test Loss: 1.825952 | Lr: 10e-8
Training Recon_AE_5_72_D_MSE
2020-06-23 00:03:42.197808 | Epoch 100 | Train Loss: 2.075009 | Test Loss: 3.748885 | Lr: 10e-3
2020-06-23 00:06:13.186685 | Epoch 200 | Train Loss: 1.769829 | Test Loss: 3.710439 | Lr: 10e-3
2020-06-23 00:08:39.215226 | Epoch 300 | Train Loss: 1.580674 | Test Loss: 3.757829 | Lr: 10e-3
2020-06-23 00:11:06.899503 | Epoch 400 | Train Loss: 1.358746 | Test Loss: 3.731240 | Lr: 10e-4
2020-06-23 00:13:27.134481 | Epoch 500 | Train Loss: 1.307460 | Test Loss: 3.741408 | Lr: 10e-5
Overfitting !

Training Recon_AE_1_88_D_MSE
2020-06-23 00:14:40.504138 | Epoch 100 | Train Loss: 0.694603 | Test Loss: 1.329621 | Lr: 10e-3
2020-06-23 00:15:51.907929 | Epoch 200 | Train Loss: 0.633407 | Test Loss: 1.239050 | Lr: 10e-6
2020-06-23 00:17:04.213999 | Epoch 300 | Train Loss: 0.635019 | Test Loss: 1.231823 | Lr: 10e-8
2020-06-23 00:18:16.291755 | Epoch 400 | Train Loss: 0.635287 | Test Loss: 1.239108 | Lr: 10e-8
Reach Low Learning Rate !

Training Recon_AE_2_88_D_MSE
2020-06-23 00:19:45.606656 | Epoch 100 | Train Loss: 0.828535 | Test Loss: 2.462233 | Lr: 10e-3
2020-06-23 00:21:17.429488 | Epoch 200 | Train Loss: 0.547907 | Test Loss: 2.097730 | Lr: 10e-3
2020-06-23 00:22:55.136735 | Epoch 300 | Train Loss: 0.429495 | Test Loss: 1.874122 | Lr: 10e-3
2020-06-23 00:24:22.586221 | Epoch 400 | Train Loss: 0.346971 | Test Loss: 1.602352 | Lr: 10e-3
2020-06-23 00:26:15.567328 | Epoch 500 | Train Loss: 0.265073 | Test Loss: 1.385923 | Lr: 10e-4
2020-06-23 00:27:58.216307 | Epoch 600 | Train Loss: 0.259441 | Test Loss: 1.382420 | Lr: 10e-8
2020-06-23 00:29:25.964904 | Epoch 700 | Train Loss: 0.259225 | Test Loss: 1.375412 | Lr: 10e-8
Reach Low Learning Rate !

Training Recon_AE_3_88_D_MSE
2020-06-23 00:30:50.361091 | Epoch 100 | Train Loss: 1.157544 | Test Loss: 3.076772 | Lr: 10e-3
2020-06-23 00:32:14.648567 | Epoch 200 | Train Loss: 0.627156 | Test Loss: 2.491074 | Lr: 10e-3
2020-06-23 00:33:36.599298 | Epoch 300 | Train Loss: 0.419572 | Test Loss: 2.116953 | Lr: 10e-3
2020-06-23 00:34:58.380481 | Epoch 400 | Train Loss: 0.315034 | Test Loss: 1.781906 | Lr: 10e-3
2020-06-23 00:36:19.888395 | Epoch 500 | Train Loss: 0.223013 | Test Loss: 1.570562 | Lr: 10e-5
2020-06-23 00:37:41.319516 | Epoch 600 | Train Loss: 0.222033 | Test Loss: 1.569408 | Lr: 10e-8
2020-06-23 00:39:02.084418 | Epoch 700 | Train Loss: 0.222726 | Test Loss: 1.576039 | Lr: 10e-8
Reach Low Learning Rate !

Training Recon_AE_4_88_D_MSE
2020-06-23 00:40:37.023396 | Epoch 100 | Train Loss: 1.594101 | Test Loss: 3.441948 | Lr: 10e-3
2020-06-23 00:42:12.361307 | Epoch 200 | Train Loss: 1.139951 | Test Loss: 3.293483 | Lr: 10e-3
2020-06-23 00:43:47.854802 | Epoch 300 | Train Loss: 0.911470 | Test Loss: 3.157182 | Lr: 10e-3
2020-06-23 00:45:23.399160 | Epoch 400 | Train Loss: 0.735448 | Test Loss: 2.947655 | Lr: 10e-3
2020-06-23 00:46:58.849769 | Epoch 500 | Train Loss: 0.561329 | Test Loss: 2.630965 | Lr: 10e-3
2020-06-23 00:48:34.034091 | Epoch 600 | Train Loss: 0.415894 | Test Loss: 2.242262 | Lr: 10e-3
2020-06-23 00:50:10.327445 | Epoch 700 | Train Loss: 0.316534 | Test Loss: 1.984939 | Lr: 10e-3
2020-06-23 00:51:46.312624 | Epoch 800 | Train Loss: 0.223704 | Test Loss: 1.793203 | Lr: 10e-5
2020-06-23 00:53:22.348665 | Epoch 900 | Train Loss: 0.221795 | Test Loss: 1.796187 | Lr: 10e-8
2020-06-23 00:54:58.253061 | Epoch 1000 | Train Loss: 0.221895 | Test Loss: 1.789340 | Lr: 10e-8
Reach Low Learning Rate !

Training Recon_AE_5_88_D_MSE
2020-06-23 00:57:27.310104 | Epoch 100 | Train Loss: 1.993142 | Test Loss: 3.709736 | Lr: 10e-3
2020-06-23 00:59:52.679789 | Epoch 200 | Train Loss: 1.662668 | Test Loss: 3.734782 | Lr: 10e-3
2020-06-23 01:02:17.680855 | Epoch 300 | Train Loss: 1.427753 | Test Loss: 3.763519 | Lr: 10e-3
2020-06-23 01:04:15.238315 | Epoch 400 | Train Loss: 1.204390 | Test Loss: 3.753362 | Lr: 10e-4
Overfitting !

Training Recon_Linear_1_8_D_SML
2020-06-23 14:14:51.410661 | Epoch 100 | Train Loss: 0.364930 | Test Loss: 1.493377 | Lr: 10e-3
2020-06-23 14:15:53.883141 | Epoch 200 | Train Loss: 0.359172 | Test Loss: 1.488871 | Lr: 10e-4
2020-06-23 14:16:58.408668 | Epoch 300 | Train Loss: 0.359359 | Test Loss: 1.490392 | Lr: 10e-8
2020-06-23 14:18:02.975399 | Epoch 400 | Train Loss: 0.358663 | Test Loss: 1.487823 | Lr: 10e-8
Reach Low Learning Rate !

Training Recon_AE_1_8_D_SML
2020-06-23 14:19:13.243547 | Epoch 100 | Train Loss: 0.391988 | Test Loss: 1.398470 | Lr: 10e-3
2020-06-23 14:20:18.790009 | Epoch 200 | Train Loss: 0.388049 | Test Loss: 1.406931 | Lr: 10e-5
2020-06-23 14:21:25.228439 | Epoch 300 | Train Loss: 0.388149 | Test Loss: 1.409707 | Lr: 10e-8
2020-06-23 14:22:30.402415 | Epoch 400 | Train Loss: 0.388000 | Test Loss: 1.410376 | Lr: 10e-8
Overfitting !

Training Recon_Linear_2_8_D_SML
2020-06-23 14:23:29.482259 | Epoch 100 | Train Loss: 0.366884 | Test Loss: 1.434256 | Lr: 10e-3
2020-06-23 14:24:28.039418 | Epoch 200 | Train Loss: 0.359657 | Test Loss: 1.435338 | Lr: 10e-3
2020-06-23 14:25:26.733675 | Epoch 300 | Train Loss: 0.358640 | Test Loss: 1.426484 | Lr: 10e-8
2020-06-23 14:26:24.379636 | Epoch 400 | Train Loss: 0.358534 | Test Loss: 1.425712 | Lr: 10e-8
Reach Low Learning Rate !

Training Recon_AE_2_8_D_SML
2020-06-23 14:27:35.382327 | Epoch 100 | Train Loss: 0.388345 | Test Loss: 1.438127 | Lr: 10e-3
2020-06-23 14:28:36.073937 | Epoch 200 | Train Loss: 0.383991 | Test Loss: 1.437032 | Lr: 10e-5
2020-06-23 14:29:36.109304 | Epoch 300 | Train Loss: 0.383960 | Test Loss: 1.440017 | Lr: 10e-8
2020-06-23 14:30:36.717140 | Epoch 400 | Train Loss: 0.384153 | Test Loss: 1.437990 | Lr: 10e-8
Overfitting !

Training Recon_Linear_3_8_D_SML
2020-06-23 14:31:29.037150 | Epoch 100 | Train Loss: 0.379014 | Test Loss: 1.453499 | Lr: 10e-3
2020-06-23 14:32:21.186617 | Epoch 200 | Train Loss: 0.362357 | Test Loss: 1.471395 | Lr: 10e-3
2020-06-23 14:33:13.000981 | Epoch 300 | Train Loss: 0.359414 | Test Loss: 1.458718 | Lr: 10e-6
2020-06-23 14:34:03.856910 | Epoch 400 | Train Loss: 0.359631 | Test Loss: 1.468901 | Lr: 10e-8
Overfitting !

Training Recon_AE_3_8_D_SML
2020-06-23 14:35:10.521539 | Epoch 100 | Train Loss: 0.389655 | Test Loss: 1.466107 | Lr: 10e-3
2020-06-23 14:36:16.974734 | Epoch 200 | Train Loss: 0.384913 | Test Loss: 1.464621 | Lr: 10e-8
2020-06-23 14:37:31.747250 | Epoch 300 | Train Loss: 0.385018 | Test Loss: 1.460929 | Lr: 10e-8
Reach Low Learning Rate !

Training Recon_Linear_4_8_D_SML
2020-06-23 14:38:40.751088 | Epoch 100 | Train Loss: 0.404472 | Test Loss: 1.451980 | Lr: 10e-4
2020-06-23 14:39:49.074564 | Epoch 200 | Train Loss: 0.404260 | Test Loss: 1.435150 | Lr: 10e-8
2020-06-23 14:41:00.230263 | Epoch 300 | Train Loss: 0.404665 | Test Loss: 1.430525 | Lr: 10e-8
Reach Low Learning Rate !

Training Recon_AE_4_8_D_SML
2020-06-23 14:42:34.915220 | Epoch 100 | Train Loss: 0.385471 | Test Loss: 1.476838 | Lr: 10e-3
2020-06-23 14:44:10.522071 | Epoch 200 | Train Loss: 0.373882 | Test Loss: 1.562668 | Lr: 10e-3
2020-06-23 14:45:45.449107 | Epoch 300 | Train Loss: 0.394144 | Test Loss: 1.525781 | Lr: 10e-8
2020-06-23 14:47:21.904097 | Epoch 400 | Train Loss: 0.394206 | Test Loss: 1.526485 | Lr: 10e-8
Overfitting !

Training Recon_Linear_5_8_D_SML
2020-06-23 14:48:37.354500 | Epoch 100 | Train Loss: 0.382424 | Test Loss: 1.359353 | Lr: 10e-3
2020-06-23 14:49:51.542041 | Epoch 200 | Train Loss: 0.371765 | Test Loss: 1.400357 | Lr: 10e-3
2020-06-23 14:51:05.859012 | Epoch 300 | Train Loss: 0.335228 | Test Loss: 1.266117 | Lr: 10e-3
2020-06-23 14:52:22.671934 | Epoch 400 | Train Loss: 0.333332 | Test Loss: 1.299766 | Lr: 10e-8
2020-06-23 14:53:38.307710 | Epoch 500 | Train Loss: 0.333259 | Test Loss: 1.307123 | Lr: 10e-8
Reach Low Learning Rate !

Training Recon_AE_5_8_D_SML
2020-06-23 14:55:22.973621 | Epoch 100 | Train Loss: 0.392433 | Test Loss: 1.483273 | Lr: 10e-3
2020-06-23 14:57:09.193683 | Epoch 200 | Train Loss: 0.366205 | Test Loss: 1.381817 | Lr: 10e-3
2020-06-23 14:58:56.093081 | Epoch 300 | Train Loss: 0.355548 | Test Loss: 1.461060 | Lr: 10e-8
2020-06-23 15:00:37.899302 | Epoch 400 | Train Loss: 0.355997 | Test Loss: 1.463582 | Lr: 10e-8
Overfitting !

Training Recon_Linear_1_24_D_SML
2020-06-23 15:22:10.850854 | Epoch 100 | Train Loss: 0.263172 | Test Loss: 1.192681 | Lr: 10e-3
2020-06-23 15:23:15.405685 | Epoch 200 | Train Loss: 0.248590 | Test Loss: 1.118334 | Lr: 10e-3
2020-06-23 15:24:18.299035 | Epoch 300 | Train Loss: 0.244039 | Test Loss: 1.128085 | Lr: 10e-7
2020-06-23 15:25:19.145549 | Epoch 400 | Train Loss: 0.244447 | Test Loss: 1.136389 | Lr: 10e-8
2020-06-23 15:26:23.085922 | Epoch 500 | Train Loss: 0.244455 | Test Loss: 1.125224 | Lr: 10e-8
Reach Low Learning Rate !

Training Recon_AE_1_24_D_SML
2020-06-23 15:27:43.953380 | Epoch 100 | Train Loss: 0.265785 | Test Loss: 1.156682 | Lr: 10e-3
2020-06-23 15:28:56.655477 | Epoch 200 | Train Loss: 0.250228 | Test Loss: 1.164900 | Lr: 10e-5
2020-06-23 15:30:11.274846 | Epoch 300 | Train Loss: 0.250713 | Test Loss: 1.146149 | Lr: 10e-8
2020-06-23 15:31:25.470424 | Epoch 400 | Train Loss: 0.250994 | Test Loss: 1.121575 | Lr: 10e-8
Reach Low Learning Rate !

Training Recon_Linear_2_24_D_SML
2020-06-23 15:32:33.356857 | Epoch 100 | Train Loss: 0.274824 | Test Loss: 1.075368 | Lr: 10e-3
2020-06-23 15:33:40.411237 | Epoch 200 | Train Loss: 0.252606 | Test Loss: 1.036473 | Lr: 10e-3
2020-06-23 15:34:47.025910 | Epoch 300 | Train Loss: 0.241421 | Test Loss: 1.091880 | Lr: 10e-3
2020-06-23 15:35:54.935012 | Epoch 400 | Train Loss: 0.237305 | Test Loss: 1.057503 | Lr: 10e-8
Overfitting !

Training Recon_AE_2_24_D_SML
2020-06-23 15:37:22.546685 | Epoch 100 | Train Loss: 0.326621 | Test Loss: 1.331594 | Lr: 10e-3
2020-06-23 15:38:51.421434 | Epoch 200 | Train Loss: 0.282945 | Test Loss: 1.310368 | Lr: 10e-3
2020-06-23 15:40:15.294979 | Epoch 300 | Train Loss: 0.252225 | Test Loss: 1.279328 | Lr: 10e-3
2020-06-23 15:41:41.135351 | Epoch 400 | Train Loss: 0.244463 | Test Loss: 1.318364 | Lr: 10e-7
2020-06-23 15:43:09.854646 | Epoch 500 | Train Loss: 0.243913 | Test Loss: 1.342862 | Lr: 10e-8
Overfitting !

Training Recon_Linear_3_24_D_SML
2020-06-23 15:44:26.914191 | Epoch 100 | Train Loss: 0.275023 | Test Loss: 1.149174 | Lr: 10e-3
2020-06-23 15:45:42.252440 | Epoch 200 | Train Loss: 0.253508 | Test Loss: 1.139490 | Lr: 10e-3
2020-06-23 15:46:48.316966 | Epoch 300 | Train Loss: 0.247507 | Test Loss: 1.156090 | Lr: 10e-8
2020-06-23 15:47:55.049368 | Epoch 400 | Train Loss: 0.247792 | Test Loss: 1.172731 | Lr: 10e-8
Overfitting !

Training Recon_AE_3_24_D_SML
2020-06-23 15:49:21.791728 | Epoch 100 | Train Loss: 0.363368 | Test Loss: 1.505457 | Lr: 10e-3
2020-06-23 15:50:46.533868 | Epoch 200 | Train Loss: 0.303364 | Test Loss: 1.379409 | Lr: 10e-3
2020-06-23 15:52:12.224741 | Epoch 300 | Train Loss: 0.267721 | Test Loss: 1.331350 | Lr: 10e-3
2020-06-23 15:53:37.707545 | Epoch 400 | Train Loss: 0.250868 | Test Loss: 1.389061 | Lr: 10e-5
2020-06-23 15:55:03.862919 | Epoch 500 | Train Loss: 0.250780 | Test Loss: 1.388798 | Lr: 10e-8
2020-06-23 15:56:28.731001 | Epoch 600 | Train Loss: 0.250938 | Test Loss: 1.392150 | Lr: 10e-8
Reach Low Learning Rate !

Training Recon_Linear_4_24_D_SML
2020-06-23 15:57:39.254934 | Epoch 100 | Train Loss: 0.300007 | Test Loss: 1.223779 | Lr: 10e-3
2020-06-23 15:58:49.504777 | Epoch 200 | Train Loss: 0.262768 | Test Loss: 1.101774 | Lr: 10e-3
2020-06-23 16:00:00.449235 | Epoch 300 | Train Loss: 0.239014 | Test Loss: 1.064409 | Lr: 10e-3
2020-06-23 16:01:10.166334 | Epoch 400 | Train Loss: 0.231718 | Test Loss: 1.060403 | Lr: 10e-6
2020-06-23 16:02:25.345916 | Epoch 500 | Train Loss: 0.231437 | Test Loss: 1.053309 | Lr: 10e-8
2020-06-23 16:03:36.207767 | Epoch 600 | Train Loss: 0.231768 | Test Loss: 1.052643 | Lr: 10e-8
Reach Low Learning Rate !

Training Recon_AE_4_24_D_SML
2020-06-23 16:05:12.688346 | Epoch 100 | Train Loss: 0.380541 | Test Loss: 1.473216 | Lr: 10e-3
2020-06-23 16:06:49.690417 | Epoch 200 | Train Loss: 0.308976 | Test Loss: 1.440680 | Lr: 10e-3
2020-06-23 16:08:24.203893 | Epoch 300 | Train Loss: 0.288082 | Test Loss: 1.354803 | Lr: 10e-5
2020-06-23 16:09:52.704589 | Epoch 400 | Train Loss: 0.287685 | Test Loss: 1.361147 | Lr: 10e-8
2020-06-23 16:11:11.096842 | Epoch 500 | Train Loss: 0.288509 | Test Loss: 1.390342 | Lr: 10e-8
Reach Low Learning Rate !

Training Recon_Linear_5_24_D_SML
2020-06-23 16:12:14.085590 | Epoch 100 | Train Loss: 0.320282 | Test Loss: 1.248567 | Lr: 10e-3
2020-06-23 16:13:29.858472 | Epoch 200 | Train Loss: 0.270855 | Test Loss: 1.155023 | Lr: 10e-3
2020-06-23 16:14:45.654094 | Epoch 300 | Train Loss: 0.255030 | Test Loss: 1.158194 | Lr: 10e-4
2020-06-23 16:16:01.334256 | Epoch 400 | Train Loss: 0.253841 | Test Loss: 1.175942 | Lr: 10e-8
2020-06-23 16:17:17.513861 | Epoch 500 | Train Loss: 0.253459 | Test Loss: 1.151760 | Lr: 10e-8
Reach Low Learning Rate !

Training Recon_AE_5_24_D_SML
2020-06-23 16:19:02.513481 | Epoch 100 | Train Loss: 0.389231 | Test Loss: 1.572583 | Lr: 10e-3
2020-06-23 16:20:45.578945 | Epoch 200 | Train Loss: 0.392196 | Test Loss: 1.572648 | Lr: 10e-8
2020-06-23 16:22:33.478829 | Epoch 300 | Train Loss: 0.392522 | Test Loss: 1.570731 | Lr: 10e-8
Reach Low Learning Rate !

Training Recon_Linear_1_40_D_SML
2020-06-23 16:23:30.903601 | Epoch 100 | Train Loss: 0.179187 | Test Loss: 0.796569 | Lr: 10e-3
2020-06-23 16:24:26.666523 | Epoch 200 | Train Loss: 0.170304 | Test Loss: 0.787283 | Lr: 10e-3
2020-06-23 16:25:22.767416 | Epoch 300 | Train Loss: 0.163736 | Test Loss: 0.758107 | Lr: 10e-6
2020-06-23 16:26:09.454509 | Epoch 400 | Train Loss: 0.163791 | Test Loss: 0.782863 | Lr: 10e-8
2020-06-23 16:26:54.806173 | Epoch 500 | Train Loss: 0.164107 | Test Loss: 0.766041 | Lr: 10e-8
Reach Low Learning Rate !

Training Recon_AE_1_40_D_SML
2020-06-23 16:27:48.686002 | Epoch 100 | Train Loss: 0.217353 | Test Loss: 1.008048 | Lr: 10e-3
2020-06-23 16:28:42.768300 | Epoch 200 | Train Loss: 0.191940 | Test Loss: 0.968238 | Lr: 10e-3
2020-06-23 16:29:36.611233 | Epoch 300 | Train Loss: 0.186184 | Test Loss: 0.963268 | Lr: 10e-8
2020-06-23 16:30:31.667921 | Epoch 400 | Train Loss: 0.186572 | Test Loss: 0.961100 | Lr: 10e-8
Reach Low Learning Rate !

Training Recon_Linear_2_40_D_SML
2020-06-23 16:31:35.194606 | Epoch 100 | Train Loss: 0.202683 | Test Loss: 0.988110 | Lr: 10e-3
2020-06-23 18:31:02.054972 | Epoch 200 | Train Loss: 0.184741 | Test Loss: 0.958991 | Lr: 10e-3
2020-06-23 18:31:53.467143 | Epoch 300 | Train Loss: 0.170556 | Test Loss: 0.879601 | Lr: 10e-3
2020-06-23 18:32:42.493432 | Epoch 400 | Train Loss: 0.159935 | Test Loss: 0.880549 | Lr: 10e-4
2020-06-23 18:33:31.382623 | Epoch 500 | Train Loss: 0.159714 | Test Loss: 0.847235 | Lr: 10e-8
2020-06-23 18:34:19.391926 | Epoch 600 | Train Loss: 0.159614 | Test Loss: 0.843790 | Lr: 10e-8
Reach Low Learning Rate !

Training Recon_AE_2_40_D_SML
2020-06-23 18:35:20.565248 | Epoch 100 | Train Loss: 0.241541 | Test Loss: 1.199211 | Lr: 10e-3
2020-06-23 18:36:23.084968 | Epoch 200 | Train Loss: 0.187862 | Test Loss: 1.246332 | Lr: 10e-3
2020-06-23 18:37:24.668194 | Epoch 300 | Train Loss: 0.162109 | Test Loss: 1.190321 | Lr: 10e-3
2020-06-23 18:38:26.660326 | Epoch 400 | Train Loss: 0.151862 | Test Loss: 1.232176 | Lr: 10e-3
Overfitting !

Training Recon_Linear_3_40_D_SML
2020-06-23 18:39:20.687768 | Epoch 100 | Train Loss: 0.216496 | Test Loss: 1.017126 | Lr: 10e-3
2020-06-23 18:40:14.743136 | Epoch 200 | Train Loss: 0.173940 | Test Loss: 0.884344 | Lr: 10e-3
2020-06-23 18:41:08.938130 | Epoch 300 | Train Loss: 0.166486 | Test Loss: 0.904633 | Lr: 10e-4
2020-06-23 18:42:01.697963 | Epoch 400 | Train Loss: 0.165666 | Test Loss: 0.915875 | Lr: 10e-8
2020-06-23 18:42:53.889319 | Epoch 500 | Train Loss: 0.165657 | Test Loss: 0.889578 | Lr: 10e-8
Reach Low Learning Rate !

Training Recon_AE_3_40_D_SML
2020-06-23 18:44:04.397663 | Epoch 100 | Train Loss: 0.293281 | Test Loss: 1.200053 | Lr: 10e-3
2020-06-23 18:45:15.097497 | Epoch 200 | Train Loss: 0.221397 | Test Loss: 1.191893 | Lr: 10e-3
2020-06-23 18:46:25.729511 | Epoch 300 | Train Loss: 0.188315 | Test Loss: 1.182913 | Lr: 10e-3
2020-06-23 18:47:35.244514 | Epoch 400 | Train Loss: 0.164589 | Test Loss: 1.277396 | Lr: 10e-3
Overfitting !

Training Recon_Linear_4_40_D_SML
2020-06-23 18:48:33.175512 | Epoch 100 | Train Loss: 0.217575 | Test Loss: 1.013790 | Lr: 10e-3
2020-06-23 18:49:31.315951 | Epoch 200 | Train Loss: 0.169879 | Test Loss: 0.945216 | Lr: 10e-4
2020-06-23 18:50:29.330723 | Epoch 300 | Train Loss: 0.168065 | Test Loss: 0.927255 | Lr: 10e-8
2020-06-23 18:51:29.221345 | Epoch 400 | Train Loss: 0.168014 | Test Loss: 0.945501 | Lr: 10e-8
Reach Low Learning Rate !

Training Recon_AE_4_40_D_SML
2020-06-23 18:52:49.384686 | Epoch 100 | Train Loss: 0.370679 | Test Loss: 1.423661 | Lr: 10e-3
2020-06-23 18:54:09.768608 | Epoch 200 | Train Loss: 0.341521 | Test Loss: 1.373073 | Lr: 10e-6
2020-06-23 18:55:29.923144 | Epoch 300 | Train Loss: 0.341468 | Test Loss: 1.376412 | Lr: 10e-8
2020-06-23 18:56:50.286121 | Epoch 400 | Train Loss: 0.341947 | Test Loss: 1.369944 | Lr: 10e-8
Reach Low Learning Rate !

Training Recon_Linear_5_40_D_SML
2020-06-23 18:57:52.182509 | Epoch 100 | Train Loss: 0.260079 | Test Loss: 1.115072 | Lr: 10e-3
2020-06-23 18:58:54.341202 | Epoch 200 | Train Loss: 0.197792 | Test Loss: 0.938207 | Lr: 10e-3
2020-06-23 18:59:56.158793 | Epoch 300 | Train Loss: 0.163221 | Test Loss: 0.923169 | Lr: 10e-3
2020-06-23 19:00:58.897928 | Epoch 400 | Train Loss: 0.158278 | Test Loss: 0.897181 | Lr: 10e-3
2020-06-23 19:02:02.364115 | Epoch 500 | Train Loss: 0.151134 | Test Loss: 0.897911 | Lr: 10e-8
2020-06-23 19:03:05.642804 | Epoch 600 | Train Loss: 0.150790 | Test Loss: 0.879938 | Lr: 10e-8
Reach Low Learning Rate !

Training Recon_AE_5_40_D_SML
2020-06-23 19:04:37.314524 | Epoch 100 | Train Loss: 0.399357 | Test Loss: 1.496052 | Lr: 10e-5
2020-06-23 19:06:08.794757 | Epoch 200 | Train Loss: 0.398978 | Test Loss: 1.494172 | Lr: 10e-8
2020-06-23 19:07:38.584511 | Epoch 300 | Train Loss: 0.398628 | Test Loss: 1.490141 | Lr: 10e-8
Reach Low Learning Rate !

Training Recon_Linear_1_56_D_SML
2020-06-23 19:48:10.839857 | Epoch 100 | Train Loss: 0.119218 | Test Loss: 0.545389 | Lr: 10e-3
2020-06-23 19:48:49.293969 | Epoch 200 | Train Loss: 0.111169 | Test Loss: 0.513593 | Lr: 10e-4
2020-06-23 19:49:39.422842 | Epoch 300 | Train Loss: 0.110855 | Test Loss: 0.510955 | Lr: 10e-8
2020-06-23 19:50:29.269471 | Epoch 400 | Train Loss: 0.110596 | Test Loss: 0.513431 | Lr: 10e-8
Reach Low Learning Rate !

Training Recon_AE_1_56_D_SML
2020-06-23 19:51:27.075802 | Epoch 100 | Train Loss: 0.162689 | Test Loss: 0.760110 | Lr: 10e-3
2020-06-23 19:52:22.087610 | Epoch 200 | Train Loss: 0.134022 | Test Loss: 0.644729 | Lr: 10e-3
2020-06-23 19:53:21.965401 | Epoch 300 | Train Loss: 0.126994 | Test Loss: 0.651926 | Lr: 10e-7
2020-06-23 19:54:20.100558 | Epoch 400 | Train Loss: 0.127121 | Test Loss: 0.640202 | Lr: 10e-8
2020-06-23 19:55:17.680496 | Epoch 500 | Train Loss: 0.127032 | Test Loss: 0.664128 | Lr: 10e-8
Reach Low Learning Rate !

Training Recon_Linear_2_56_D_SML
2020-06-23 19:56:14.055657 | Epoch 100 | Train Loss: 0.119073 | Test Loss: 0.523049 | Lr: 10e-3
2020-06-23 19:57:07.233437 | Epoch 200 | Train Loss: 0.112061 | Test Loss: 0.535869 | Lr: 10e-3
2020-06-23 19:57:59.131577 | Epoch 300 | Train Loss: 0.108658 | Test Loss: 0.531142 | Lr: 10e-8
2020-06-23 19:58:51.376788 | Epoch 400 | Train Loss: 0.108713 | Test Loss: 0.513786 | Lr: 10e-8
Reach Low Learning Rate !

Training Recon_AE_2_56_D_SML
2020-06-23 20:00:01.456235 | Epoch 100 | Train Loss: 0.196256 | Test Loss: 1.198719 | Lr: 10e-3
2020-06-23 20:01:07.748877 | Epoch 200 | Train Loss: 0.135645 | Test Loss: 1.060166 | Lr: 10e-3
2020-06-23 20:02:10.710419 | Epoch 300 | Train Loss: 0.106621 | Test Loss: 1.040986 | Lr: 10e-3
2020-06-23 20:03:20.362733 | Epoch 400 | Train Loss: 0.090655 | Test Loss: 1.012327 | Lr: 10e-3
2020-06-23 20:04:27.166774 | Epoch 500 | Train Loss: 0.075724 | Test Loss: 0.923192 | Lr: 10e-4
2020-06-23 20:05:34.622289 | Epoch 600 | Train Loss: 0.074193 | Test Loss: 0.918549 | Lr: 10e-8
2020-06-23 20:06:42.920547 | Epoch 700 | Train Loss: 0.074330 | Test Loss: 0.932419 | Lr: 10e-8
Reach Low Learning Rate !

Training Recon_Linear_3_56_D_SML
2020-06-23 20:07:41.309320 | Epoch 100 | Train Loss: 0.135682 | Test Loss: 0.667160 | Lr: 10e-3
2020-06-23 20:08:40.668953 | Epoch 200 | Train Loss: 0.115373 | Test Loss: 0.666373 | Lr: 10e-4
2020-06-23 20:09:46.105786 | Epoch 300 | Train Loss: 0.114731 | Test Loss: 0.673673 | Lr: 10e-8
2020-06-23 20:10:52.671680 | Epoch 400 | Train Loss: 0.114372 | Test Loss: 0.657704 | Lr: 10e-8
Reach Low Learning Rate !

Training Recon_AE_3_56_D_SML
2020-06-23 20:12:27.466243 | Epoch 100 | Train Loss: 0.253054 | Test Loss: 1.266323 | Lr: 10e-3
2020-06-23 20:13:48.003753 | Epoch 200 | Train Loss: 0.183607 | Test Loss: 1.232359 | Lr: 10e-3
2020-06-23 20:15:12.847742 | Epoch 300 | Train Loss: 0.139557 | Test Loss: 1.284076 | Lr: 10e-3
2020-06-23 20:16:49.827260 | Epoch 400 | Train Loss: 0.107044 | Test Loss: 1.164038 | Lr: 10e-3
2020-06-23 20:18:20.569466 | Epoch 500 | Train Loss: 0.087006 | Test Loss: 1.154217 | Lr: 10e-3
2020-06-23 20:19:54.850205 | Epoch 600 | Train Loss: 0.071500 | Test Loss: 1.139031 | Lr: 10e-5
2020-06-23 20:21:48.633370 | Epoch 700 | Train Loss: 0.070890 | Test Loss: 1.128271 | Lr: 10e-8
2020-06-23 20:23:25.088294 | Epoch 800 | Train Loss: 0.070579 | Test Loss: 1.070660 | Lr: 10e-8
Reach Low Learning Rate !

Training Recon_Linear_4_56_D_SML
2020-06-23 20:24:41.751171 | Epoch 100 | Train Loss: 0.156514 | Test Loss: 0.839472 | Lr: 10e-3
2020-06-23 20:25:59.049911 | Epoch 200 | Train Loss: 0.112889 | Test Loss: 0.668714 | Lr: 10e-3
2020-06-23 20:27:11.787293 | Epoch 300 | Train Loss: 0.102462 | Test Loss: 0.678287 | Lr: 10e-5
2020-06-23 20:28:20.091000 | Epoch 400 | Train Loss: 0.102395 | Test Loss: 0.667887 | Lr: 10e-8
2020-06-23 20:29:26.383625 | Epoch 500 | Train Loss: 0.102373 | Test Loss: 0.669144 | Lr: 10e-8
Reach Low Learning Rate !

Training Recon_AE_4_56_D_SML
2020-06-23 20:30:59.579266 | Epoch 100 | Train Loss: 0.364310 | Test Loss: 1.317818 | Lr: 10e-4
2020-06-23 20:32:30.907712 | Epoch 200 | Train Loss: 0.335653 | Test Loss: 1.315877 | Lr: 10e-4
2020-06-23 20:33:59.951462 | Epoch 300 | Train Loss: 0.328313 | Test Loss: 1.313170 | Lr: 10e-8
2020-06-23 20:35:27.718629 | Epoch 400 | Train Loss: 0.328690 | Test Loss: 1.309801 | Lr: 10e-8
Reach Low Learning Rate !

Training Recon_Linear_5_56_D_SML
2020-06-23 20:36:34.872949 | Epoch 100 | Train Loss: 0.192797 | Test Loss: 0.928748 | Lr: 10e-3
2020-06-23 20:37:42.224740 | Epoch 200 | Train Loss: 0.119687 | Test Loss: 0.741087 | Lr: 10e-3
2020-06-23 20:38:50.155981 | Epoch 300 | Train Loss: 0.108009 | Test Loss: 0.711564 | Lr: 10e-3
2020-06-23 20:39:58.002449 | Epoch 400 | Train Loss: 0.099365 | Test Loss: 0.698422 | Lr: 10e-5
2020-06-23 20:41:06.704628 | Epoch 500 | Train Loss: 0.099143 | Test Loss: 0.692876 | Lr: 10e-8
2020-06-23 20:42:14.688726 | Epoch 600 | Train Loss: 0.099300 | Test Loss: 0.692414 | Lr: 10e-8
Reach Low Learning Rate !

Training Recon_AE_5_56_D_SML
2020-06-23 20:43:54.822804 | Epoch 100 | Train Loss: 0.347100 | Test Loss: 1.369999 | Lr: 10e-4
2020-06-23 20:45:36.664314 | Epoch 200 | Train Loss: 0.332324 | Test Loss: 1.355483 | Lr: 10e-5
2020-06-23 20:47:19.761891 | Epoch 300 | Train Loss: 0.331237 | Test Loss: 1.333689 | Lr: 10e-8
2020-06-23 20:49:01.960446 | Epoch 400 | Train Loss: 0.331308 | Test Loss: 1.331380 | Lr: 10e-8
Reach Low Learning Rate !

Training Recon_Linear_1_72_D_SML
2020-06-23 20:49:48.664485 | Epoch 100 | Train Loss: 0.075047 | Test Loss: 0.308799 | Lr: 10e-3
2020-06-23 20:50:35.635804 | Epoch 200 | Train Loss: 0.067109 | Test Loss: 0.292460 | Lr: 10e-4
2020-06-23 20:51:22.818561 | Epoch 300 | Train Loss: 0.066474 | Test Loss: 0.288492 | Lr: 10e-8
2020-06-23 20:52:09.782902 | Epoch 400 | Train Loss: 0.066586 | Test Loss: 0.296281 | Lr: 10e-8
Reach Low Learning Rate !

Training Recon_AE_1_72_D_SML
2020-06-23 20:53:05.386128 | Epoch 100 | Train Loss: 0.141302 | Test Loss: 0.642332 | Lr: 10e-3
2020-06-23 20:54:01.053183 | Epoch 200 | Train Loss: 0.112554 | Test Loss: 0.545575 | Lr: 10e-3
2020-06-23 20:54:56.660401 | Epoch 300 | Train Loss: 0.100233 | Test Loss: 0.514412 | Lr: 10e-4
2020-06-23 20:55:52.190819 | Epoch 400 | Train Loss: 0.098795 | Test Loss: 0.503961 | Lr: 10e-8
2020-06-23 20:56:47.950627 | Epoch 500 | Train Loss: 0.099822 | Test Loss: 0.514129 | Lr: 10e-8
Reach Low Learning Rate !

Training Recon_Linear_2_72_D_SML
2020-06-23 20:57:42.064975 | Epoch 100 | Train Loss: 0.076010 | Test Loss: 0.379683 | Lr: 10e-3
2020-06-23 20:58:37.193473 | Epoch 200 | Train Loss: 0.065045 | Test Loss: 0.319140 | Lr: 10e-5
2020-06-23 20:59:31.272779 | Epoch 300 | Train Loss: 0.064915 | Test Loss: 0.312414 | Lr: 10e-8
2020-06-23 21:00:26.020292 | Epoch 400 | Train Loss: 0.064567 | Test Loss: 0.318437 | Lr: 10e-8
Reach Low Learning Rate !

Training Recon_AE_2_72_D_SML
2020-06-23 21:01:41.850993 | Epoch 100 | Train Loss: 0.161051 | Test Loss: 1.128241 | Lr: 10e-3
2020-06-23 21:03:04.820137 | Epoch 200 | Train Loss: 0.090397 | Test Loss: 0.925528 | Lr: 10e-3
2020-06-23 21:04:20.655231 | Epoch 300 | Train Loss: 0.069040 | Test Loss: 0.918280 | Lr: 10e-3
2020-06-23 21:05:32.113035 | Epoch 400 | Train Loss: 0.055692 | Test Loss: 0.806238 | Lr: 10e-3
2020-06-23 21:06:42.442858 | Epoch 500 | Train Loss: 0.048879 | Test Loss: 0.771979 | Lr: 10e-8
2020-06-23 21:08:17.905099 | Epoch 600 | Train Loss: 0.048958 | Test Loss: 0.778490 | Lr: 10e-8
Reach Low Learning Rate !

Training Recon_Linear_3_72_D_SML
2020-06-23 21:09:40.281268 | Epoch 100 | Train Loss: 0.092476 | Test Loss: 0.494460 | Lr: 10e-3
2020-06-23 21:11:13.482306 | Epoch 200 | Train Loss: 0.064709 | Test Loss: 0.348248 | Lr: 10e-4
2020-06-23 21:12:39.213134 | Epoch 300 | Train Loss: 0.064405 | Test Loss: 0.349334 | Lr: 10e-8
2020-06-23 21:13:56.554006 | Epoch 400 | Train Loss: 0.063866 | Test Loss: 0.351792 | Lr: 10e-8
Reach Low Learning Rate !

Training Recon_AE_3_72_D_SML
2020-06-23 21:15:34.529915 | Epoch 100 | Train Loss: 0.268533 | Test Loss: 1.229279 | Lr: 10e-3
2020-06-23 21:17:06.644664 | Epoch 200 | Train Loss: 0.157099 | Test Loss: 1.341354 | Lr: 10e-3
2020-06-23 21:18:38.418679 | Epoch 300 | Train Loss: 0.093606 | Test Loss: 1.088677 | Lr: 10e-3
2020-06-23 21:20:26.382656 | Epoch 400 | Train Loss: 0.064900 | Test Loss: 0.951403 | Lr: 10e-3
2020-06-23 21:22:07.508517 | Epoch 500 | Train Loss: 0.048500 | Test Loss: 0.880337 | Lr: 10e-3
2020-06-23 21:23:50.174825 | Epoch 600 | Train Loss: 0.035768 | Test Loss: 0.837478 | Lr: 10e-4
2020-06-23 21:25:38.481185 | Epoch 700 | Train Loss: 0.034990 | Test Loss: 0.819105 | Lr: 10e-8
2020-06-23 21:27:25.834215 | Epoch 800 | Train Loss: 0.035125 | Test Loss: 0.816275 | Lr: 10e-8
Reach Low Learning Rate !

Training Recon_Linear_4_72_D_SML
2020-06-24 14:02:36.145572 | Epoch 100 | Train Loss: 0.120568 | Test Loss: 0.627450 | Lr: 10e-3
2020-06-24 14:03:37.142366 | Epoch 200 | Train Loss: 0.073677 | Test Loss: 0.416584 | Lr: 10e-3
2020-06-24 14:04:33.381103 | Epoch 300 | Train Loss: 0.065938 | Test Loss: 0.400852 | Lr: 10e-7
2020-06-24 14:05:34.786683 | Epoch 400 | Train Loss: 0.065678 | Test Loss: 0.404320 | Lr: 10e-8
2020-06-24 14:06:42.308006 | Epoch 500 | Train Loss: 0.066239 | Test Loss: 0.413864 | Lr: 10e-8
Reach Low Learning Rate !

Training Recon_AE_4_72_D_SML
2020-06-24 14:08:23.154179 | Epoch 100 | Train Loss: 0.334531 | Test Loss: 1.284715 | Lr: 10e-3
2020-06-24 14:10:00.840807 | Epoch 200 | Train Loss: 0.271913 | Test Loss: 1.252853 | Lr: 10e-3
2020-06-24 14:11:39.595575 | Epoch 300 | Train Loss: 0.222262 | Test Loss: 1.387277 | Lr: 10e-3
2020-06-24 14:13:18.324411 | Epoch 400 | Train Loss: 0.185337 | Test Loss: 1.342780 | Lr: 10e-3
Overfitting !

Training Recon_Linear_5_72_D_SML
2020-06-24 14:14:30.928150 | Epoch 100 | Train Loss: 0.152267 | Test Loss: 0.875680 | Lr: 10e-3
2020-06-24 14:16:13.612406 | Epoch 200 | Train Loss: 0.081378 | Test Loss: 0.532808 | Lr: 10e-3
2020-06-24 14:17:37.073095 | Epoch 300 | Train Loss: 0.065500 | Test Loss: 0.448166 | Lr: 10e-6
2020-06-24 14:19:11.212869 | Epoch 400 | Train Loss: 0.065592 | Test Loss: 0.449681 | Lr: 10e-8
2020-06-24 14:20:49.407788 | Epoch 500 | Train Loss: 0.065800 | Test Loss: 0.466132 | Lr: 10e-8
Reach Low Learning Rate !

Training Recon_AE_5_72_D_SML
2020-06-24 14:23:14.587678 | Epoch 100 | Train Loss: 0.362702 | Test Loss: 1.236614 | Lr: 10e-4
2020-06-24 14:25:33.053446 | Epoch 200 | Train Loss: 0.338450 | Test Loss: 1.211596 | Lr: 10e-5
2020-06-24 14:28:07.607779 | Epoch 300 | Train Loss: 0.336734 | Test Loss: 1.204526 | Lr: 10e-8
2020-06-24 14:30:24.970479 | Epoch 400 | Train Loss: 0.337631 | Test Loss: 1.212245 | Lr: 10e-8
Reach Low Learning Rate !

Training Recon_Linear_1_88_D_SML
2020-06-24 14:31:22.873358 | Epoch 100 | Train Loss: 0.038534 | Test Loss: 0.161982 | Lr: 10e-3
2020-06-24 14:32:22.776261 | Epoch 200 | Train Loss: 0.028539 | Test Loss: 0.102967 | Lr: 10e-4
2020-06-24 14:33:22.960266 | Epoch 300 | Train Loss: 0.028742 | Test Loss: 0.104209 | Lr: 10e-8
2020-06-24 14:34:22.158475 | Epoch 400 | Train Loss: 0.028586 | Test Loss: 0.101554 | Lr: 10e-8
Reach Low Learning Rate !

Training Recon_AE_1_88_D_SML
2020-06-24 14:35:30.740764 | Epoch 100 | Train Loss: 0.095855 | Test Loss: 0.442673 | Lr: 10e-3
2020-06-24 14:36:40.359612 | Epoch 200 | Train Loss: 0.069307 | Test Loss: 0.330864 | Lr: 10e-5
2020-06-24 14:37:50.047506 | Epoch 300 | Train Loss: 0.070190 | Test Loss: 0.334833 | Lr: 10e-8
2020-06-24 14:38:58.185371 | Epoch 400 | Train Loss: 0.069247 | Test Loss: 0.316643 | Lr: 10e-8
Reach Low Learning Rate !

Training Recon_Linear_2_88_D_SML
2020-06-24 14:40:01.169224 | Epoch 100 | Train Loss: 0.040853 | Test Loss: 0.172592 | Lr: 10e-3
2020-06-24 14:41:05.176165 | Epoch 200 | Train Loss: 0.031677 | Test Loss: 0.125553 | Lr: 10e-6
2020-06-24 14:42:09.517296 | Epoch 300 | Train Loss: 0.031970 | Test Loss: 0.128694 | Lr: 10e-8
2020-06-24 14:43:14.153171 | Epoch 400 | Train Loss: 0.031694 | Test Loss: 0.129627 | Lr: 10e-8
Reach Low Learning Rate !

Training Recon_AE_2_88_D_SML
2020-06-24 14:44:37.500984 | Epoch 100 | Train Loss: 0.116123 | Test Loss: 0.955205 | Lr: 10e-3
2020-06-24 14:46:01.021308 | Epoch 200 | Train Loss: 0.060849 | Test Loss: 0.801228 | Lr: 10e-3
2020-06-24 14:47:24.057716 | Epoch 300 | Train Loss: 0.045044 | Test Loss: 0.688546 | Lr: 10e-3
2020-06-24 14:48:42.929627 | Epoch 400 | Train Loss: 0.033815 | Test Loss: 0.597820 | Lr: 10e-4
2020-06-24 14:49:53.738171 | Epoch 500 | Train Loss: 0.033390 | Test Loss: 0.603129 | Lr: 10e-8
2020-06-24 14:51:18.248140 | Epoch 600 | Train Loss: 0.033464 | Test Loss: 0.580999 | Lr: 10e-8
Reach Low Learning Rate !

Training Recon_Linear_3_88_D_SML
2020-06-24 14:52:39.953429 | Epoch 100 | Train Loss: 0.057662 | Test Loss: 0.273505 | Lr: 10e-3
2020-06-24 14:54:02.353335 | Epoch 200 | Train Loss: 0.035792 | Test Loss: 0.178031 | Lr: 10e-4
2020-06-24 14:55:18.598042 | Epoch 300 | Train Loss: 0.035349 | Test Loss: 0.180106 | Lr: 10e-8
2020-06-24 14:56:34.502896 | Epoch 400 | Train Loss: 0.035207 | Test Loss: 0.186518 | Lr: 10e-8
Reach Low Learning Rate !

Training Recon_AE_3_88_D_SML
2020-06-24 14:58:30.998375 | Epoch 100 | Train Loss: 0.223452 | Test Loss: 1.259989 | Lr: 10e-3
2020-06-24 15:00:33.591020 | Epoch 200 | Train Loss: 0.131834 | Test Loss: 1.299239 | Lr: 10e-3
2020-06-24 15:02:24.175282 | Epoch 300 | Train Loss: 0.075123 | Test Loss: 1.107646 | Lr: 10e-3
2020-06-24 15:04:14.073824 | Epoch 400 | Train Loss: 0.042592 | Test Loss: 0.831351 | Lr: 10e-3
2020-06-24 15:06:00.333619 | Epoch 500 | Train Loss: 0.029723 | Test Loss: 0.810367 | Lr: 10e-5
2020-06-24 15:07:45.045279 | Epoch 600 | Train Loss: 0.029773 | Test Loss: 0.808265 | Lr: 10e-8
2020-06-24 15:09:40.848385 | Epoch 700 | Train Loss: 0.030219 | Test Loss: 0.821508 | Lr: 10e-8
Reach Low Learning Rate !

Training Recon_Linear_4_88_D_SML
2020-06-24 15:11:11.004451 | Epoch 100 | Train Loss: 0.090410 | Test Loss: 0.538812 | Lr: 10e-3
2020-06-24 15:12:39.716760 | Epoch 200 | Train Loss: 0.042808 | Test Loss: 0.324048 | Lr: 10e-3
2020-06-24 15:14:11.926149 | Epoch 300 | Train Loss: 0.029278 | Test Loss: 0.266737 | Lr: 10e-5
2020-06-24 15:15:35.794371 | Epoch 400 | Train Loss: 0.029821 | Test Loss: 0.270770 | Lr: 10e-8
2020-06-24 15:17:02.371904 | Epoch 500 | Train Loss: 0.029507 | Test Loss: 0.266523 | Lr: 10e-8
Reach Low Learning Rate !

Training Recon_AE_4_88_D_SML
2020-06-24 15:19:04.558843 | Epoch 100 | Train Loss: 0.314804 | Test Loss: 1.310020 | Lr: 10e-3
2020-06-24 15:21:03.088783 | Epoch 200 | Train Loss: 0.219620 | Test Loss: 1.319181 | Lr: 10e-3
2020-06-24 15:23:00.848141 | Epoch 300 | Train Loss: 0.171416 | Test Loss: 1.435736 | Lr: 10e-3
2020-06-24 15:25:09.571034 | Epoch 400 | Train Loss: 0.147176 | Test Loss: 1.521862 | Lr: 10e-3
Overfitting !

Training Recon_Linear_5_88_D_SML
2020-06-24 15:26:36.704637 | Epoch 100 | Train Loss: 0.092319 | Test Loss: 0.656516 | Lr: 10e-3
2020-06-24 15:28:03.531650 | Epoch 200 | Train Loss: 0.044204 | Test Loss: 0.420066 | Lr: 10e-3
2020-06-24 15:29:36.521679 | Epoch 300 | Train Loss: 0.037501 | Test Loss: 0.363545 | Lr: 10e-7
2020-06-24 15:31:14.973647 | Epoch 400 | Train Loss: 0.037525 | Test Loss: 0.360205 | Lr: 10e-8
2020-06-24 15:32:42.078477 | Epoch 500 | Train Loss: 0.037553 | Test Loss: 0.364305 | Lr: 10e-8
Reach Low Learning Rate !

Training Recon_AE_5_88_D_SML
2020-06-24 15:34:54.198686 | Epoch 100 | Train Loss: 0.420955 | Test Loss: 1.455833 | Lr: 10e-8
2020-06-24 15:37:05.674451 | Epoch 200 | Train Loss: 0.420954 | Test Loss: 1.455835 | Lr: 10e-8
Reach Low Learning Rate !

